

RUN at Wed Jul 14 15:13:38 2021
    using softmax as the activation for the output layer
    trained during 50 epochs
---------------------------------------
         0         1         accuracy = 0.94816691
---------------------------------------
0      646         3   TN, FP
1       38       104   FN, TP
---------------------------------------
       649       142   N,  P  (total)
---------------------------------------




RUN at Wed Jul 14 15:13:38 2021
    using softmax as the activation for the output layer
    trained during 50 epochs
---------------------------------------
         0         1         accuracy = 0.80808079
---------------------------------------
0      154        12   TN, FP
1       26         6   FN, TP
---------------------------------------
       166        32   N,  P  (total)
---------------------------------------




RUN at Wed Jul 14 15:17:28 2021
    using softmax as the activation for the output layer
    trained during 50 epochs
---------------------------------------
         0         1         accuracy = 0.94816691
---------------------------------------
0      646         3   TN, FP
1       38       104   FN, TP
---------------------------------------
       649       142   N,  P  (total)
---------------------------------------




RUN at Wed Jul 14 15:17:28 2021
    using softmax as the activation for the output layer
    trained during 50 epochs
---------------------------------------
         0         1         accuracy = 0.80808079
---------------------------------------
0      154        12   TN, FP
1       26         6   FN, TP
---------------------------------------
       166        32   N,  P  (total)
---------------------------------------




RUN at Wed Jul 14 15:21:13 2021
    using softmax as the activation for the output layer
    trained during 50 epochs
---------------------------------------
         0         1         accuracy = 0.94816691
---------------------------------------
0      646         3   TN, FP
1       38       104   FN, TP
---------------------------------------
       649       142   N,  P  (total)
---------------------------------------




RUN at Wed Jul 14 15:21:14 2021
    using softmax as the activation for the output layer
    trained during 50 epochs
---------------------------------------
         0         1         accuracy = 0.80808079
---------------------------------------
0      154        12   TN, FP
1       26         6   FN, TP
---------------------------------------
       166        32   N,  P  (total)
---------------------------------------




RUN at Wed Jul 14 15:25:01 2021
    using softmax as the activation for the output layer
    trained during 50 epochs
---------------------------------------
         0         1         accuracy = 0.94816691
---------------------------------------
0      646         3   TN, FP
1       38       104   FN, TP
---------------------------------------
       649       142   N,  P  (total)
---------------------------------------




RUN at Wed Jul 14 15:25:02 2021
    using softmax as the activation for the output layer
    trained during 50 epochs
---------------------------------------
         0         1         accuracy = 0.80808079
---------------------------------------
0      154        12   TN, FP
1       26         6   FN, TP
---------------------------------------
       166        32   N,  P  (total)
---------------------------------------




RUN at Wed Jul 14 15:28:48 2021
    using softmax as the activation for the output layer
    trained during 50 epochs
---------------------------------------
         0         1         accuracy = 0.94943112
---------------------------------------
0      646         3   TN, FP
1       37       105   FN, TP
---------------------------------------
       649       142   N,  P  (total)
---------------------------------------




RUN at Wed Jul 14 15:28:48 2021
    using softmax as the activation for the output layer
    trained during 50 epochs
---------------------------------------
         0         1         accuracy = 0.80808079
---------------------------------------
0      154        12   TN, FP
1       26         6   FN, TP
---------------------------------------
       166        32   N,  P  (total)
---------------------------------------




RUN at Wed Jul 14 15:32:34 2021
    using softmax as the activation for the output layer
    trained during 50 epochs
---------------------------------------
         0         1         accuracy = 0.94816691
---------------------------------------
0      646         3   TN, FP
1       38       104   FN, TP
---------------------------------------
       649       142   N,  P  (total)
---------------------------------------




RUN at Wed Jul 14 15:32:34 2021
    using softmax as the activation for the output layer
    trained during 50 epochs
---------------------------------------
         0         1         accuracy = 0.80808079
---------------------------------------
0      154        12   TN, FP
1       26         6   FN, TP
---------------------------------------
       166        32   N,  P  (total)
---------------------------------------




RUN at Wed Jul 14 15:36:19 2021
    using softmax as the activation for the output layer
    trained during 50 epochs
---------------------------------------
         0         1         accuracy = 0.94816691
---------------------------------------
0      646         3   TN, FP
1       38       104   FN, TP
---------------------------------------
       649       142   N,  P  (total)
---------------------------------------




RUN at Wed Jul 14 15:36:20 2021
    using softmax as the activation for the output layer
    trained during 50 epochs
---------------------------------------
         0         1         accuracy = 0.80808079
---------------------------------------
0      154        12   TN, FP
1       26         6   FN, TP
---------------------------------------
       166        32   N,  P  (total)
---------------------------------------




RUN at Wed Jul 14 15:40:04 2021
    using softmax as the activation for the output layer
    trained during 50 epochs
---------------------------------------
         0         1         accuracy = 0.94943112
---------------------------------------
0      646         3   TN, FP
1       37       105   FN, TP
---------------------------------------
       649       142   N,  P  (total)
---------------------------------------




RUN at Wed Jul 14 15:40:04 2021
    using softmax as the activation for the output layer
    trained during 50 epochs
---------------------------------------
         0         1         accuracy = 0.80808079
---------------------------------------
0      154        12   TN, FP
1       26         6   FN, TP
---------------------------------------
       166        32   N,  P  (total)
---------------------------------------




RUN at Wed Jul 14 15:43:49 2021
    using softmax as the activation for the output layer
    trained during 50 epochs
---------------------------------------
         0         1         accuracy = 0.94943112
---------------------------------------
0      646         3   TN, FP
1       37       105   FN, TP
---------------------------------------
       649       142   N,  P  (total)
---------------------------------------




RUN at Wed Jul 14 15:43:50 2021
    using softmax as the activation for the output layer
    trained during 50 epochs
---------------------------------------
         0         1         accuracy = 0.80808079
---------------------------------------
0      154        12   TN, FP
1       26         6   FN, TP
---------------------------------------
       166        32   N,  P  (total)
---------------------------------------




RUN at Wed Jul 14 15:47:36 2021
    using softmax as the activation for the output layer
    trained during 50 epochs
---------------------------------------
         0         1         accuracy = 0.94943112
---------------------------------------
0      646         3   TN, FP
1       37       105   FN, TP
---------------------------------------
       649       142   N,  P  (total)
---------------------------------------




RUN at Wed Jul 14 15:47:36 2021
    using softmax as the activation for the output layer
    trained during 50 epochs
---------------------------------------
         0         1         accuracy = 0.80808079
---------------------------------------
0      154        12   TN, FP
1       26         6   FN, TP
---------------------------------------
       166        32   N,  P  (total)
---------------------------------------


