

RUN at Tue Jul 13 21:17:13 2021
    using softmax as the activation for the output layer
    trained during 50 epochs
---------------------------------------
         0         1         accuracy = 0.97092289
---------------------------------------
0      647         2   TN, FP
1       21       121   FN, TP
---------------------------------------
       649       142   N,  P  (total)
---------------------------------------




RUN at Tue Jul 13 21:17:13 2021
    using softmax as the activation for the output layer
    trained during 50 epochs
---------------------------------------
         0         1         accuracy = 0.81818181
---------------------------------------
0      151        15   TN, FP
1       21        11   FN, TP
---------------------------------------
       166        32   N,  P  (total)
---------------------------------------


