

RUN at Tue Jul 13 19:20:31 2021
    using sigmoid as the activation for the output layer
    trained during 50 epochs
---------------------------------------
         0         1         accuracy = 0.82427305
---------------------------------------
0      649         0   TN, FP
1      139         3   FN, TP
---------------------------------------
       649       142   N,  P  (total)
---------------------------------------




RUN at Tue Jul 13 19:20:31 2021
    using sigmoid as the activation for the output layer
    trained during 50 epochs
---------------------------------------
         0         1         accuracy = 0.83838385
---------------------------------------
0      166         0   TN, FP
1       32         0   FN, TP
---------------------------------------
       166        32   N,  P  (total)
---------------------------------------


