

RUN at Wed Jul 14 11:27:23 2021
    using sigmoid as the activation for the output layer
    trained during 50 epochs
---------------------------------------
         0         1         accuracy = 0.82553732
---------------------------------------
0      646         3   TN, FP
1      135         7   FN, TP
---------------------------------------
       649       142   N,  P  (total)
---------------------------------------




RUN at Wed Jul 14 11:27:23 2021
    using sigmoid as the activation for the output layer
    trained during 50 epochs
---------------------------------------
         0         1         accuracy = 0.83333331
---------------------------------------
0      164         2   TN, FP
1       31         1   FN, TP
---------------------------------------
       166        32   N,  P  (total)
---------------------------------------


