

RUN at Wed Jul 14 14:30:00 2021
    using sigmoid as the activation for the output layer
    trained during 50 epochs
---------------------------------------
         0         1         accuracy = 0.94310999
---------------------------------------
0      645         4   TN, FP
1       41       101   FN, TP
---------------------------------------
       649       142   N,  P  (total)
---------------------------------------




RUN at Wed Jul 14 14:30:00 2021
    using sigmoid as the activation for the output layer
    trained during 50 epochs
---------------------------------------
         0         1         accuracy = 0.80808079
---------------------------------------
0      157         9   TN, FP
1       29         3   FN, TP
---------------------------------------
       166        32   N,  P  (total)
---------------------------------------




RUN at Wed Jul 14 14:33:43 2021
    using sigmoid as the activation for the output layer
    trained during 50 epochs
---------------------------------------
         0         1         accuracy = 0.94437420
---------------------------------------
0      645         4   TN, FP
1       40       102   FN, TP
---------------------------------------
       649       142   N,  P  (total)
---------------------------------------




RUN at Wed Jul 14 14:33:43 2021
    using sigmoid as the activation for the output layer
    trained during 50 epochs
---------------------------------------
         0         1         accuracy = 0.80808079
---------------------------------------
0      157         9   TN, FP
1       29         3   FN, TP
---------------------------------------
       166        32   N,  P  (total)
---------------------------------------




RUN at Wed Jul 14 14:37:26 2021
    using sigmoid as the activation for the output layer
    trained during 50 epochs
---------------------------------------
         0         1         accuracy = 0.94310999
---------------------------------------
0      645         4   TN, FP
1       41       101   FN, TP
---------------------------------------
       649       142   N,  P  (total)
---------------------------------------




RUN at Wed Jul 14 14:37:27 2021
    using sigmoid as the activation for the output layer
    trained during 50 epochs
---------------------------------------
         0         1         accuracy = 0.80808079
---------------------------------------
0      157         9   TN, FP
1       29         3   FN, TP
---------------------------------------
       166        32   N,  P  (total)
---------------------------------------




RUN at Wed Jul 14 14:41:11 2021
    using sigmoid as the activation for the output layer
    trained during 50 epochs
---------------------------------------
         0         1         accuracy = 0.94310999
---------------------------------------
0      645         4   TN, FP
1       41       101   FN, TP
---------------------------------------
       649       142   N,  P  (total)
---------------------------------------




RUN at Wed Jul 14 14:41:11 2021
    using sigmoid as the activation for the output layer
    trained during 50 epochs
---------------------------------------
         0         1         accuracy = 0.80808079
---------------------------------------
0      157         9   TN, FP
1       29         3   FN, TP
---------------------------------------
       166        32   N,  P  (total)
---------------------------------------




RUN at Wed Jul 14 14:45:06 2021
    using sigmoid as the activation for the output layer
    trained during 50 epochs
---------------------------------------
         0         1         accuracy = 0.94310999
---------------------------------------
0      645         4   TN, FP
1       41       101   FN, TP
---------------------------------------
       649       142   N,  P  (total)
---------------------------------------




RUN at Wed Jul 14 14:45:06 2021
    using sigmoid as the activation for the output layer
    trained during 50 epochs
---------------------------------------
         0         1         accuracy = 0.80808079
---------------------------------------
0      157         9   TN, FP
1       29         3   FN, TP
---------------------------------------
       166        32   N,  P  (total)
---------------------------------------




RUN at Wed Jul 14 14:48:53 2021
    using sigmoid as the activation for the output layer
    trained during 50 epochs
---------------------------------------
         0         1         accuracy = 0.94437420
---------------------------------------
0      645         4   TN, FP
1       40       102   FN, TP
---------------------------------------
       649       142   N,  P  (total)
---------------------------------------




RUN at Wed Jul 14 14:48:54 2021
    using sigmoid as the activation for the output layer
    trained during 50 epochs
---------------------------------------
         0         1         accuracy = 0.80808079
---------------------------------------
0      157         9   TN, FP
1       29         3   FN, TP
---------------------------------------
       166        32   N,  P  (total)
---------------------------------------




RUN at Wed Jul 14 14:52:41 2021
    using sigmoid as the activation for the output layer
    trained during 50 epochs
---------------------------------------
         0         1         accuracy = 0.94310999
---------------------------------------
0      645         4   TN, FP
1       41       101   FN, TP
---------------------------------------
       649       142   N,  P  (total)
---------------------------------------




RUN at Wed Jul 14 14:52:42 2021
    using sigmoid as the activation for the output layer
    trained during 50 epochs
---------------------------------------
         0         1         accuracy = 0.80808079
---------------------------------------
0      157         9   TN, FP
1       29         3   FN, TP
---------------------------------------
       166        32   N,  P  (total)
---------------------------------------




RUN at Wed Jul 14 14:56:40 2021
    using sigmoid as the activation for the output layer
    trained during 50 epochs
---------------------------------------
         0         1         accuracy = 0.94310999
---------------------------------------
0      645         4   TN, FP
1       41       101   FN, TP
---------------------------------------
       649       142   N,  P  (total)
---------------------------------------




RUN at Wed Jul 14 14:56:41 2021
    using sigmoid as the activation for the output layer
    trained during 50 epochs
---------------------------------------
         0         1         accuracy = 0.80808079
---------------------------------------
0      157         9   TN, FP
1       29         3   FN, TP
---------------------------------------
       166        32   N,  P  (total)
---------------------------------------




RUN at Wed Jul 14 15:00:28 2021
    using sigmoid as the activation for the output layer
    trained during 50 epochs
---------------------------------------
         0         1         accuracy = 0.94437420
---------------------------------------
0      645         4   TN, FP
1       40       102   FN, TP
---------------------------------------
       649       142   N,  P  (total)
---------------------------------------




RUN at Wed Jul 14 15:00:28 2021
    using sigmoid as the activation for the output layer
    trained during 50 epochs
---------------------------------------
         0         1         accuracy = 0.80808079
---------------------------------------
0      157         9   TN, FP
1       29         3   FN, TP
---------------------------------------
       166        32   N,  P  (total)
---------------------------------------




RUN at Wed Jul 14 15:04:20 2021
    using sigmoid as the activation for the output layer
    trained during 50 epochs
---------------------------------------
         0         1         accuracy = 0.94437420
---------------------------------------
0      645         4   TN, FP
1       40       102   FN, TP
---------------------------------------
       649       142   N,  P  (total)
---------------------------------------




RUN at Wed Jul 14 15:04:20 2021
    using sigmoid as the activation for the output layer
    trained during 50 epochs
---------------------------------------
         0         1         accuracy = 0.80808079
---------------------------------------
0      157         9   TN, FP
1       29         3   FN, TP
---------------------------------------
       166        32   N,  P  (total)
---------------------------------------


