
RUN at Thu Jul  8 15:42:15 2021 
    using softmax as the activation for the output layer
    trained during 50 epochs

Confusion matrix for subset train:
[[638  11]
 [ 84  58]]

Classification  report for subset train:
              precision    recall  f1-score   support

           0       0.88      0.98      0.93       649
           1       0.84      0.41      0.55       142

    accuracy                           0.88       791
   macro avg       0.86      0.70      0.74       791
weighted avg       0.88      0.88      0.86       791



Confusion matrix for subset test:
[[160   6]
 [ 27   5]]

Classification  report for subset test:
              precision    recall  f1-score   support

           0       0.86      0.96      0.91       166
           1       0.45      0.16      0.23        32

    accuracy                           0.83       198
   macro avg       0.66      0.56      0.57       198
weighted avg       0.79      0.83      0.80       198



RUN at Thu Jul  8 15:43:09 2021 
    using softmax as the activation for the output layer
    trained during 50 epochs

Confusion matrix for subset train:
[[640   9]
 [ 86  56]]

Classification  report for subset train:
              precision    recall  f1-score   support

           0       0.88      0.99      0.93       649
           1       0.86      0.39      0.54       142

    accuracy                           0.88       791
   macro avg       0.87      0.69      0.74       791
weighted avg       0.88      0.88      0.86       791



Confusion matrix for subset test:
[[161   5]
 [ 27   5]]

Classification  report for subset test:
              precision    recall  f1-score   support

           0       0.86      0.97      0.91       166
           1       0.50      0.16      0.24        32

    accuracy                           0.84       198
   macro avg       0.68      0.56      0.57       198
weighted avg       0.80      0.84      0.80       198



RUN at Thu Jul  8 15:44:03 2021 
    using softmax as the activation for the output layer
    trained during 50 epochs

Confusion matrix for subset train:
[[639  10]
 [ 82  60]]

Classification  report for subset train:
              precision    recall  f1-score   support

           0       0.89      0.98      0.93       649
           1       0.86      0.42      0.57       142

    accuracy                           0.88       791
   macro avg       0.87      0.70      0.75       791
weighted avg       0.88      0.88      0.87       791



Confusion matrix for subset test:
[[161   5]
 [ 26   6]]

Classification  report for subset test:
              precision    recall  f1-score   support

           0       0.86      0.97      0.91       166
           1       0.55      0.19      0.28        32

    accuracy                           0.84       198
   macro avg       0.70      0.58      0.60       198
weighted avg       0.81      0.84      0.81       198



RUN at Thu Jul  8 15:44:58 2021 
    using softmax as the activation for the output layer
    trained during 50 epochs

Confusion matrix for subset train:
[[639  10]
 [ 91  51]]

Classification  report for subset train:
              precision    recall  f1-score   support

           0       0.88      0.98      0.93       649
           1       0.84      0.36      0.50       142

    accuracy                           0.87       791
   macro avg       0.86      0.67      0.71       791
weighted avg       0.87      0.87      0.85       791



Confusion matrix for subset test:
[[161   5]
 [ 29   3]]

Classification  report for subset test:
              precision    recall  f1-score   support

           0       0.85      0.97      0.90       166
           1       0.38      0.09      0.15        32

    accuracy                           0.83       198
   macro avg       0.61      0.53      0.53       198
weighted avg       0.77      0.83      0.78       198



RUN at Thu Jul  8 15:45:52 2021 
    using softmax as the activation for the output layer
    trained during 50 epochs

Confusion matrix for subset train:
[[640   9]
 [ 84  58]]

Classification  report for subset train:
              precision    recall  f1-score   support

           0       0.88      0.99      0.93       649
           1       0.87      0.41      0.56       142

    accuracy                           0.88       791
   macro avg       0.87      0.70      0.74       791
weighted avg       0.88      0.88      0.86       791



Confusion matrix for subset test:
[[160   6]
 [ 27   5]]

Classification  report for subset test:
              precision    recall  f1-score   support

           0       0.86      0.96      0.91       166
           1       0.45      0.16      0.23        32

    accuracy                           0.83       198
   macro avg       0.66      0.56      0.57       198
weighted avg       0.79      0.83      0.80       198



RUN at Thu Jul  8 15:46:46 2021 
    using softmax as the activation for the output layer
    trained during 50 epochs

Confusion matrix for subset train:
[[637  12]
 [ 87  55]]

Classification  report for subset train:
              precision    recall  f1-score   support

           0       0.88      0.98      0.93       649
           1       0.82      0.39      0.53       142

    accuracy                           0.87       791
   macro avg       0.85      0.68      0.73       791
weighted avg       0.87      0.87      0.86       791



Confusion matrix for subset test:
[[159   7]
 [ 27   5]]

Classification  report for subset test:
              precision    recall  f1-score   support

           0       0.85      0.96      0.90       166
           1       0.42      0.16      0.23        32

    accuracy                           0.83       198
   macro avg       0.64      0.56      0.57       198
weighted avg       0.78      0.83      0.79       198



RUN at Thu Jul  8 15:47:40 2021 
    using softmax as the activation for the output layer
    trained during 50 epochs

Confusion matrix for subset train:
[[635  14]
 [ 86  56]]

Classification  report for subset train:
              precision    recall  f1-score   support

           0       0.88      0.98      0.93       649
           1       0.80      0.39      0.53       142

    accuracy                           0.87       791
   macro avg       0.84      0.69      0.73       791
weighted avg       0.87      0.87      0.86       791



Confusion matrix for subset test:
[[160   6]
 [ 26   6]]

Classification  report for subset test:
              precision    recall  f1-score   support

           0       0.86      0.96      0.91       166
           1       0.50      0.19      0.27        32

    accuracy                           0.84       198
   macro avg       0.68      0.58      0.59       198
weighted avg       0.80      0.84      0.81       198



RUN at Thu Jul  8 15:48:34 2021 
    using softmax as the activation for the output layer
    trained during 50 epochs

Confusion matrix for subset train:
[[642   7]
 [ 84  58]]

Classification  report for subset train:
              precision    recall  f1-score   support

           0       0.88      0.99      0.93       649
           1       0.89      0.41      0.56       142

    accuracy                           0.88       791
   macro avg       0.89      0.70      0.75       791
weighted avg       0.89      0.88      0.87       791



Confusion matrix for subset test:
[[160   6]
 [ 27   5]]

Classification  report for subset test:
              precision    recall  f1-score   support

           0       0.86      0.96      0.91       166
           1       0.45      0.16      0.23        32

    accuracy                           0.83       198
   macro avg       0.66      0.56      0.57       198
weighted avg       0.79      0.83      0.80       198



RUN at Thu Jul  8 15:49:28 2021 
    using softmax as the activation for the output layer
    trained during 50 epochs

Confusion matrix for subset train:
[[638  11]
 [ 81  61]]

Classification  report for subset train:
              precision    recall  f1-score   support

           0       0.89      0.98      0.93       649
           1       0.85      0.43      0.57       142

    accuracy                           0.88       791
   macro avg       0.87      0.71      0.75       791
weighted avg       0.88      0.88      0.87       791



Confusion matrix for subset test:
[[161   5]
 [ 27   5]]

Classification  report for subset test:
              precision    recall  f1-score   support

           0       0.86      0.97      0.91       166
           1       0.50      0.16      0.24        32

    accuracy                           0.84       198
   macro avg       0.68      0.56      0.57       198
weighted avg       0.80      0.84      0.80       198



RUN at Thu Jul  8 15:50:23 2021 
    using softmax as the activation for the output layer
    trained during 50 epochs

Confusion matrix for subset train:
[[641   8]
 [ 83  59]]

Classification  report for subset train:
              precision    recall  f1-score   support

           0       0.89      0.99      0.93       649
           1       0.88      0.42      0.56       142

    accuracy                           0.88       791
   macro avg       0.88      0.70      0.75       791
weighted avg       0.88      0.88      0.87       791



Confusion matrix for subset test:
[[162   4]
 [ 26   6]]

Classification  report for subset test:
              precision    recall  f1-score   support

           0       0.86      0.98      0.92       166
           1       0.60      0.19      0.29        32

    accuracy                           0.85       198
   macro avg       0.73      0.58      0.60       198
weighted avg       0.82      0.85      0.81       198


