

RUN at Tue Jul 13 21:55:51 2021
    using sigmoid as the activation for the output layer
    trained during 50 epochs
---------------------------------------
         0         1         accuracy = 0.97724402
---------------------------------------
0      646         3   TN, FP
1       15       127   FN, TP
---------------------------------------
       649       142   N,  P  (total)
---------------------------------------




RUN at Tue Jul 13 21:55:51 2021
    using sigmoid as the activation for the output layer
    trained during 50 epochs
---------------------------------------
         0         1         accuracy = 0.83838385
---------------------------------------
0      154        12   TN, FP
1       20        12   FN, TP
---------------------------------------
       166        32   N,  P  (total)
---------------------------------------




RUN at Tue Jul 13 21:56:01 2021
    using sigmoid as the activation for the output layer
    trained during 50 epochs
---------------------------------------
         0         1         accuracy = 0.97977245
---------------------------------------
0      646         3   TN, FP
1       13       129   FN, TP
---------------------------------------
       649       142   N,  P  (total)
---------------------------------------




RUN at Tue Jul 13 21:56:01 2021
    using sigmoid as the activation for the output layer
    trained during 50 epochs
---------------------------------------
         0         1         accuracy = 0.82828283
---------------------------------------
0      154        12   TN, FP
1       22        10   FN, TP
---------------------------------------
       166        32   N,  P  (total)
---------------------------------------




RUN at Tue Jul 13 21:56:10 2021
    using sigmoid as the activation for the output layer
    trained during 50 epochs
---------------------------------------
         0         1         accuracy = 0.98103666
---------------------------------------
0      645         4   TN, FP
1       11       131   FN, TP
---------------------------------------
       649       142   N,  P  (total)
---------------------------------------




RUN at Tue Jul 13 21:56:10 2021
    using sigmoid as the activation for the output layer
    trained during 50 epochs
---------------------------------------
         0         1         accuracy = 0.82828283
---------------------------------------
0      153        13   TN, FP
1       21        11   FN, TP
---------------------------------------
       166        32   N,  P  (total)
---------------------------------------




RUN at Tue Jul 13 21:56:19 2021
    using sigmoid as the activation for the output layer
    trained during 50 epochs
---------------------------------------
         0         1         accuracy = 0.97977245
---------------------------------------
0      645         4   TN, FP
1       12       130   FN, TP
---------------------------------------
       649       142   N,  P  (total)
---------------------------------------




RUN at Tue Jul 13 21:56:19 2021
    using sigmoid as the activation for the output layer
    trained during 50 epochs
---------------------------------------
         0         1         accuracy = 0.82828283
---------------------------------------
0      154        12   TN, FP
1       22        10   FN, TP
---------------------------------------
       166        32   N,  P  (total)
---------------------------------------




RUN at Tue Jul 13 21:56:29 2021
    using sigmoid as the activation for the output layer
    trained during 50 epochs
---------------------------------------
         0         1         accuracy = 0.97850823
---------------------------------------
0      646         3   TN, FP
1       14       128   FN, TP
---------------------------------------
       649       142   N,  P  (total)
---------------------------------------




RUN at Tue Jul 13 21:56:29 2021
    using sigmoid as the activation for the output layer
    trained during 50 epochs
---------------------------------------
         0         1         accuracy = 0.84848487
---------------------------------------
0      156        10   TN, FP
1       20        12   FN, TP
---------------------------------------
       166        32   N,  P  (total)
---------------------------------------




RUN at Tue Jul 13 21:56:38 2021
    using sigmoid as the activation for the output layer
    trained during 50 epochs
---------------------------------------
         0         1         accuracy = 0.98103666
---------------------------------------
0      646         3   TN, FP
1       12       130   FN, TP
---------------------------------------
       649       142   N,  P  (total)
---------------------------------------




RUN at Tue Jul 13 21:56:38 2021
    using sigmoid as the activation for the output layer
    trained during 50 epochs
---------------------------------------
         0         1         accuracy = 0.83333331
---------------------------------------
0      155        11   TN, FP
1       22        10   FN, TP
---------------------------------------
       166        32   N,  P  (total)
---------------------------------------




RUN at Tue Jul 13 21:56:47 2021
    using sigmoid as the activation for the output layer
    trained during 50 epochs
---------------------------------------
         0         1         accuracy = 0.97850823
---------------------------------------
0      645         4   TN, FP
1       13       129   FN, TP
---------------------------------------
       649       142   N,  P  (total)
---------------------------------------




RUN at Tue Jul 13 21:56:47 2021
    using sigmoid as the activation for the output layer
    trained during 50 epochs
---------------------------------------
         0         1         accuracy = 0.82828283
---------------------------------------
0      154        12   TN, FP
1       22        10   FN, TP
---------------------------------------
       166        32   N,  P  (total)
---------------------------------------




RUN at Tue Jul 13 21:56:56 2021
    using sigmoid as the activation for the output layer
    trained during 50 epochs
---------------------------------------
         0         1         accuracy = 0.97977245
---------------------------------------
0      647         2   TN, FP
1       14       128   FN, TP
---------------------------------------
       649       142   N,  P  (total)
---------------------------------------




RUN at Tue Jul 13 21:56:56 2021
    using sigmoid as the activation for the output layer
    trained during 50 epochs
---------------------------------------
         0         1         accuracy = 0.84343433
---------------------------------------
0      155        11   TN, FP
1       20        12   FN, TP
---------------------------------------
       166        32   N,  P  (total)
---------------------------------------




RUN at Tue Jul 13 21:57:06 2021
    using sigmoid as the activation for the output layer
    trained during 50 epochs
---------------------------------------
         0         1         accuracy = 0.97724402
---------------------------------------
0      645         4   TN, FP
1       14       128   FN, TP
---------------------------------------
       649       142   N,  P  (total)
---------------------------------------




RUN at Tue Jul 13 21:57:06 2021
    using sigmoid as the activation for the output layer
    trained during 50 epochs
---------------------------------------
         0         1         accuracy = 0.83838385
---------------------------------------
0      155        11   TN, FP
1       21        11   FN, TP
---------------------------------------
       166        32   N,  P  (total)
---------------------------------------




RUN at Tue Jul 13 21:57:15 2021
    using sigmoid as the activation for the output layer
    trained during 50 epochs
---------------------------------------
         0         1         accuracy = 0.98356509
---------------------------------------
0      644         5   TN, FP
1        8       134   FN, TP
---------------------------------------
       649       142   N,  P  (total)
---------------------------------------




RUN at Tue Jul 13 21:57:15 2021
    using sigmoid as the activation for the output layer
    trained during 50 epochs
---------------------------------------
         0         1         accuracy = 0.83838385
---------------------------------------
0      154        12   TN, FP
1       20        12   FN, TP
---------------------------------------
       166        32   N,  P  (total)
---------------------------------------


