

RUN at Wed Jul 14 15:09:51 2021
    using softmax as the activation for the output layer
    trained during 50 epochs
---------------------------------------
         0         1         accuracy = 0.94943112
---------------------------------------
0      646         3   TN, FP
1       37       105   FN, TP
---------------------------------------
       649       142   N,  P  (total)
---------------------------------------




RUN at Wed Jul 14 15:09:51 2021
    using softmax as the activation for the output layer
    trained during 50 epochs
---------------------------------------
         0         1         accuracy = 0.80808079
---------------------------------------
0      154        12   TN, FP
1       26         6   FN, TP
---------------------------------------
       166        32   N,  P  (total)
---------------------------------------


