

RUN at Tue Jul 13 19:25:53 2021
    using softmax as the activation for the output layer
    trained during 50 epochs
---------------------------------------
         0         1         accuracy = 0.84576488
---------------------------------------
0      640         9   TN, FP
1      113        29   FN, TP
---------------------------------------
       649       142   N,  P  (total)
---------------------------------------




RUN at Tue Jul 13 19:25:53 2021
    using softmax as the activation for the output layer
    trained during 50 epochs
---------------------------------------
         0         1         accuracy = 0.84848487
---------------------------------------
0      165         1   TN, FP
1       29         3   FN, TP
---------------------------------------
       166        32   N,  P  (total)
---------------------------------------


