

RUN at Tue Jul 13 22:37:00 2021
    using softmax as the activation for the output layer
    trained during 50 epochs
---------------------------------------
         0         1         accuracy = 0.97724402
---------------------------------------
0      648         1   TN, FP
1       17       125   FN, TP
---------------------------------------
       649       142   N,  P  (total)
---------------------------------------




RUN at Tue Jul 13 22:37:00 2021
    using softmax as the activation for the output layer
    trained during 50 epochs
---------------------------------------
         0         1         accuracy = 0.81818181
---------------------------------------
0      154        12   TN, FP
1       24         8   FN, TP
---------------------------------------
       166        32   N,  P  (total)
---------------------------------------


