

RUN at Tue Jul 13 20:38:36 2021
    using sigmoid as the activation for the output layer
    trained during 50 epochs
---------------------------------------
         0         1         accuracy = 0.97218710
---------------------------------------
0      645         4   TN, FP
1       18       124   FN, TP
---------------------------------------
       649       142   N,  P  (total)
---------------------------------------




RUN at Tue Jul 13 20:38:36 2021
    using sigmoid as the activation for the output layer
    trained during 50 epochs
---------------------------------------
         0         1         accuracy = 0.82828283
---------------------------------------
0      153        13   TN, FP
1       21        11   FN, TP
---------------------------------------
       166        32   N,  P  (total)
---------------------------------------


