

RUN at Tue Jul 13 20:38:45 2021
    using sigmoid as the activation for the output layer
    trained during 50 epochs
---------------------------------------
         0         1         accuracy = 0.97092289
---------------------------------------
0      645         4   TN, FP
1       19       123   FN, TP
---------------------------------------
       649       142   N,  P  (total)
---------------------------------------




RUN at Tue Jul 13 20:38:45 2021
    using sigmoid as the activation for the output layer
    trained during 50 epochs
---------------------------------------
         0         1         accuracy = 0.81313133
---------------------------------------
0      152        14   TN, FP
1       23         9   FN, TP
---------------------------------------
       166        32   N,  P  (total)
---------------------------------------




RUN at Tue Jul 13 20:38:55 2021
    using sigmoid as the activation for the output layer
    trained during 50 epochs
---------------------------------------
         0         1         accuracy = 0.97218710
---------------------------------------
0      644         5   TN, FP
1       17       125   FN, TP
---------------------------------------
       649       142   N,  P  (total)
---------------------------------------




RUN at Tue Jul 13 20:38:55 2021
    using sigmoid as the activation for the output layer
    trained during 50 epochs
---------------------------------------
         0         1         accuracy = 0.81313133
---------------------------------------
0      152        14   TN, FP
1       23         9   FN, TP
---------------------------------------
       166        32   N,  P  (total)
---------------------------------------




RUN at Tue Jul 13 20:39:04 2021
    using sigmoid as the activation for the output layer
    trained during 50 epochs
---------------------------------------
         0         1         accuracy = 0.97471553
---------------------------------------
0      644         5   TN, FP
1       15       127   FN, TP
---------------------------------------
       649       142   N,  P  (total)
---------------------------------------




RUN at Tue Jul 13 20:39:04 2021
    using sigmoid as the activation for the output layer
    trained during 50 epochs
---------------------------------------
         0         1         accuracy = 0.82323235
---------------------------------------
0      154        12   TN, FP
1       23         9   FN, TP
---------------------------------------
       166        32   N,  P  (total)
---------------------------------------




RUN at Tue Jul 13 20:39:13 2021
    using sigmoid as the activation for the output layer
    trained during 50 epochs
---------------------------------------
         0         1         accuracy = 0.97218710
---------------------------------------
0      643         6   TN, FP
1       16       126   FN, TP
---------------------------------------
       649       142   N,  P  (total)
---------------------------------------




RUN at Tue Jul 13 20:39:13 2021
    using sigmoid as the activation for the output layer
    trained during 50 epochs
---------------------------------------
         0         1         accuracy = 0.80303031
---------------------------------------
0      150        16   TN, FP
1       23         9   FN, TP
---------------------------------------
       166        32   N,  P  (total)
---------------------------------------




RUN at Tue Jul 13 20:39:22 2021
    using sigmoid as the activation for the output layer
    trained during 50 epochs
---------------------------------------
         0         1         accuracy = 0.97471553
---------------------------------------
0      643         6   TN, FP
1       14       128   FN, TP
---------------------------------------
       649       142   N,  P  (total)
---------------------------------------




RUN at Tue Jul 13 20:39:22 2021
    using sigmoid as the activation for the output layer
    trained during 50 epochs
---------------------------------------
         0         1         accuracy = 0.82828283
---------------------------------------
0      154        12   TN, FP
1       22        10   FN, TP
---------------------------------------
       166        32   N,  P  (total)
---------------------------------------




RUN at Tue Jul 13 20:39:31 2021
    using sigmoid as the activation for the output layer
    trained during 50 epochs
---------------------------------------
         0         1         accuracy = 0.97218710
---------------------------------------
0      644         5   TN, FP
1       17       125   FN, TP
---------------------------------------
       649       142   N,  P  (total)
---------------------------------------




RUN at Tue Jul 13 20:39:31 2021
    using sigmoid as the activation for the output layer
    trained during 50 epochs
---------------------------------------
         0         1         accuracy = 0.82323235
---------------------------------------
0      153        13   TN, FP
1       22        10   FN, TP
---------------------------------------
       166        32   N,  P  (total)
---------------------------------------




RUN at Tue Jul 13 20:39:40 2021
    using sigmoid as the activation for the output layer
    trained during 50 epochs
---------------------------------------
         0         1         accuracy = 0.97724402
---------------------------------------
0      644         5   TN, FP
1       13       129   FN, TP
---------------------------------------
       649       142   N,  P  (total)
---------------------------------------




RUN at Tue Jul 13 20:39:40 2021
    using sigmoid as the activation for the output layer
    trained during 50 epochs
---------------------------------------
         0         1         accuracy = 0.82323235
---------------------------------------
0      154        12   TN, FP
1       23         9   FN, TP
---------------------------------------
       166        32   N,  P  (total)
---------------------------------------




RUN at Tue Jul 13 20:39:49 2021
    using sigmoid as the activation for the output layer
    trained during 50 epochs
---------------------------------------
         0         1         accuracy = 0.97471553
---------------------------------------
0      645         4   TN, FP
1       16       126   FN, TP
---------------------------------------
       649       142   N,  P  (total)
---------------------------------------




RUN at Tue Jul 13 20:39:49 2021
    using sigmoid as the activation for the output layer
    trained during 50 epochs
---------------------------------------
         0         1         accuracy = 0.82323235
---------------------------------------
0      153        13   TN, FP
1       22        10   FN, TP
---------------------------------------
       166        32   N,  P  (total)
---------------------------------------




RUN at Tue Jul 13 20:39:58 2021
    using sigmoid as the activation for the output layer
    trained during 50 epochs
---------------------------------------
         0         1         accuracy = 0.97724402
---------------------------------------
0      645         4   TN, FP
1       14       128   FN, TP
---------------------------------------
       649       142   N,  P  (total)
---------------------------------------




RUN at Tue Jul 13 20:39:58 2021
    using sigmoid as the activation for the output layer
    trained during 50 epochs
---------------------------------------
         0         1         accuracy = 0.82323235
---------------------------------------
0      154        12   TN, FP
1       23         9   FN, TP
---------------------------------------
       166        32   N,  P  (total)
---------------------------------------




RUN at Tue Jul 13 20:40:07 2021
    using sigmoid as the activation for the output layer
    trained during 50 epochs
---------------------------------------
         0         1         accuracy = 0.97218710
---------------------------------------
0      644         5   TN, FP
1       17       125   FN, TP
---------------------------------------
       649       142   N,  P  (total)
---------------------------------------




RUN at Tue Jul 13 20:40:07 2021
    using sigmoid as the activation for the output layer
    trained during 50 epochs
---------------------------------------
         0         1         accuracy = 0.81313133
---------------------------------------
0      152        14   TN, FP
1       23         9   FN, TP
---------------------------------------
       166        32   N,  P  (total)
---------------------------------------


