

RUN at Tue Jul 13 20:05:04 2021
    using sigmoid as the activation for the output layer
    trained during 50 epochs
---------------------------------------
         0         1         accuracy = 0.97597975
---------------------------------------
0      645         4   TN, FP
1       15       127   FN, TP
---------------------------------------
       649       142   N,  P  (total)
---------------------------------------




RUN at Tue Jul 13 20:05:05 2021
    using sigmoid as the activation for the output layer
    trained during 50 epochs
---------------------------------------
         0         1         accuracy = 0.82323235
---------------------------------------
0      157         9   TN, FP
1       26         6   FN, TP
---------------------------------------
       166        32   N,  P  (total)
---------------------------------------


