

RUN at Tue Jul 13 22:37:12 2021
    using softmax as the activation for the output layer
    trained during 50 epochs
---------------------------------------
         0         1         accuracy = 0.97977245
---------------------------------------
0      649         0   TN, FP
1       16       126   FN, TP
---------------------------------------
       649       142   N,  P  (total)
---------------------------------------




RUN at Tue Jul 13 22:37:12 2021
    using softmax as the activation for the output layer
    trained during 50 epochs
---------------------------------------
         0         1         accuracy = 0.80808079
---------------------------------------
0      150        16   TN, FP
1       22        10   FN, TP
---------------------------------------
       166        32   N,  P  (total)
---------------------------------------




RUN at Tue Jul 13 22:37:39 2021
    using softmax as the activation for the output layer
    trained during 50 epochs
---------------------------------------
         0         1         accuracy = 0.97597975
---------------------------------------
0      648         1   TN, FP
1       18       124   FN, TP
---------------------------------------
       649       142   N,  P  (total)
---------------------------------------




RUN at Tue Jul 13 22:37:39 2021
    using softmax as the activation for the output layer
    trained during 50 epochs
---------------------------------------
         0         1         accuracy = 0.82323235
---------------------------------------
0      154        12   TN, FP
1       23         9   FN, TP
---------------------------------------
       166        32   N,  P  (total)
---------------------------------------




RUN at Tue Jul 13 22:37:56 2021
    using softmax as the activation for the output layer
    trained during 50 epochs
---------------------------------------
         0         1         accuracy = 0.97850823
---------------------------------------
0      649         0   TN, FP
1       17       125   FN, TP
---------------------------------------
       649       142   N,  P  (total)
---------------------------------------




RUN at Tue Jul 13 22:37:56 2021
    using softmax as the activation for the output layer
    trained during 50 epochs
---------------------------------------
         0         1         accuracy = 0.82828283
---------------------------------------
0      155        11   TN, FP
1       23         9   FN, TP
---------------------------------------
       166        32   N,  P  (total)
---------------------------------------




RUN at Tue Jul 13 22:38:08 2021
    using softmax as the activation for the output layer
    trained during 50 epochs
---------------------------------------
         0         1         accuracy = 0.97977245
---------------------------------------
0      649         0   TN, FP
1       16       126   FN, TP
---------------------------------------
       649       142   N,  P  (total)
---------------------------------------




RUN at Tue Jul 13 22:38:08 2021
    using softmax as the activation for the output layer
    trained during 50 epochs
---------------------------------------
         0         1         accuracy = 0.81313133
---------------------------------------
0      152        14   TN, FP
1       23         9   FN, TP
---------------------------------------
       166        32   N,  P  (total)
---------------------------------------




RUN at Tue Jul 13 22:38:19 2021
    using softmax as the activation for the output layer
    trained during 50 epochs
---------------------------------------
         0         1         accuracy = 0.97850823
---------------------------------------
0      647         2   TN, FP
1       15       127   FN, TP
---------------------------------------
       649       142   N,  P  (total)
---------------------------------------




RUN at Tue Jul 13 22:38:19 2021
    using softmax as the activation for the output layer
    trained during 50 epochs
---------------------------------------
         0         1         accuracy = 0.81818181
---------------------------------------
0      153        13   TN, FP
1       23         9   FN, TP
---------------------------------------
       166        32   N,  P  (total)
---------------------------------------




RUN at Tue Jul 13 22:38:29 2021
    using softmax as the activation for the output layer
    trained during 50 epochs
---------------------------------------
         0         1         accuracy = 0.97597975
---------------------------------------
0      649         0   TN, FP
1       19       123   FN, TP
---------------------------------------
       649       142   N,  P  (total)
---------------------------------------




RUN at Tue Jul 13 22:38:29 2021
    using softmax as the activation for the output layer
    trained during 50 epochs
---------------------------------------
         0         1         accuracy = 0.82828283
---------------------------------------
0      154        12   TN, FP
1       22        10   FN, TP
---------------------------------------
       166        32   N,  P  (total)
---------------------------------------




RUN at Tue Jul 13 22:38:40 2021
    using softmax as the activation for the output layer
    trained during 50 epochs
---------------------------------------
         0         1         accuracy = 0.97977245
---------------------------------------
0      649         0   TN, FP
1       16       126   FN, TP
---------------------------------------
       649       142   N,  P  (total)
---------------------------------------




RUN at Tue Jul 13 22:38:40 2021
    using softmax as the activation for the output layer
    trained during 50 epochs
---------------------------------------
         0         1         accuracy = 0.82323235
---------------------------------------
0      154        12   TN, FP
1       23         9   FN, TP
---------------------------------------
       166        32   N,  P  (total)
---------------------------------------




RUN at Tue Jul 13 22:38:51 2021
    using softmax as the activation for the output layer
    trained during 50 epochs
---------------------------------------
         0         1         accuracy = 0.97850823
---------------------------------------
0      649         0   TN, FP
1       17       125   FN, TP
---------------------------------------
       649       142   N,  P  (total)
---------------------------------------




RUN at Tue Jul 13 22:38:51 2021
    using softmax as the activation for the output layer
    trained during 50 epochs
---------------------------------------
         0         1         accuracy = 0.82828283
---------------------------------------
0      155        11   TN, FP
1       23         9   FN, TP
---------------------------------------
       166        32   N,  P  (total)
---------------------------------------




RUN at Tue Jul 13 22:39:02 2021
    using softmax as the activation for the output layer
    trained during 50 epochs
---------------------------------------
         0         1         accuracy = 0.97850823
---------------------------------------
0      648         1   TN, FP
1       16       126   FN, TP
---------------------------------------
       649       142   N,  P  (total)
---------------------------------------




RUN at Tue Jul 13 22:39:02 2021
    using softmax as the activation for the output layer
    trained during 50 epochs
---------------------------------------
         0         1         accuracy = 0.81313133
---------------------------------------
0      151        15   TN, FP
1       22        10   FN, TP
---------------------------------------
       166        32   N,  P  (total)
---------------------------------------




RUN at Tue Jul 13 22:39:12 2021
    using softmax as the activation for the output layer
    trained during 50 epochs
---------------------------------------
         0         1         accuracy = 0.97977245
---------------------------------------
0      649         0   TN, FP
1       16       126   FN, TP
---------------------------------------
       649       142   N,  P  (total)
---------------------------------------




RUN at Tue Jul 13 22:39:12 2021
    using softmax as the activation for the output layer
    trained during 50 epochs
---------------------------------------
         0         1         accuracy = 0.82828283
---------------------------------------
0      155        11   TN, FP
1       23         9   FN, TP
---------------------------------------
       166        32   N,  P  (total)
---------------------------------------


