

RUN at Wed Jul 14 12:13:35 2021
    using softmax as the activation for the output layer
    trained during 50 epochs
---------------------------------------
         0         1         accuracy = 0.82932997
---------------------------------------
0      646         3   TN, FP
1      132        10   FN, TP
---------------------------------------
       649       142   N,  P  (total)
---------------------------------------




RUN at Wed Jul 14 12:13:35 2021
    using softmax as the activation for the output layer
    trained during 50 epochs
---------------------------------------
         0         1         accuracy = 0.83333331
---------------------------------------
0      165         1   TN, FP
1       32         0   FN, TP
---------------------------------------
       166        32   N,  P  (total)
---------------------------------------




RUN at Wed Jul 14 12:17:14 2021
    using softmax as the activation for the output layer
    trained during 50 epochs
---------------------------------------
         0         1         accuracy = 0.82932997
---------------------------------------
0      646         3   TN, FP
1      132        10   FN, TP
---------------------------------------
       649       142   N,  P  (total)
---------------------------------------




RUN at Wed Jul 14 12:17:15 2021
    using softmax as the activation for the output layer
    trained during 50 epochs
---------------------------------------
         0         1         accuracy = 0.83333331
---------------------------------------
0      165         1   TN, FP
1       32         0   FN, TP
---------------------------------------
       166        32   N,  P  (total)
---------------------------------------




RUN at Wed Jul 14 12:20:51 2021
    using softmax as the activation for the output layer
    trained during 50 epochs
---------------------------------------
         0         1         accuracy = 0.82932997
---------------------------------------
0      646         3   TN, FP
1      132        10   FN, TP
---------------------------------------
       649       142   N,  P  (total)
---------------------------------------




RUN at Wed Jul 14 12:20:52 2021
    using softmax as the activation for the output layer
    trained during 50 epochs
---------------------------------------
         0         1         accuracy = 0.83333331
---------------------------------------
0      165         1   TN, FP
1       32         0   FN, TP
---------------------------------------
       166        32   N,  P  (total)
---------------------------------------




RUN at Wed Jul 14 12:24:31 2021
    using softmax as the activation for the output layer
    trained during 50 epochs
---------------------------------------
         0         1         accuracy = 0.82932997
---------------------------------------
0      646         3   TN, FP
1      132        10   FN, TP
---------------------------------------
       649       142   N,  P  (total)
---------------------------------------




RUN at Wed Jul 14 12:24:31 2021
    using softmax as the activation for the output layer
    trained during 50 epochs
---------------------------------------
         0         1         accuracy = 0.83333331
---------------------------------------
0      165         1   TN, FP
1       32         0   FN, TP
---------------------------------------
       166        32   N,  P  (total)
---------------------------------------




RUN at Wed Jul 14 12:28:20 2021
    using softmax as the activation for the output layer
    trained during 50 epochs
---------------------------------------
         0         1         accuracy = 0.82932997
---------------------------------------
0      646         3   TN, FP
1      132        10   FN, TP
---------------------------------------
       649       142   N,  P  (total)
---------------------------------------




RUN at Wed Jul 14 12:28:20 2021
    using softmax as the activation for the output layer
    trained during 50 epochs
---------------------------------------
         0         1         accuracy = 0.83333331
---------------------------------------
0      165         1   TN, FP
1       32         0   FN, TP
---------------------------------------
       166        32   N,  P  (total)
---------------------------------------




RUN at Wed Jul 14 12:33:06 2021
    using softmax as the activation for the output layer
    trained during 50 epochs
---------------------------------------
         0         1         accuracy = 0.82932997
---------------------------------------
0      646         3   TN, FP
1      132        10   FN, TP
---------------------------------------
       649       142   N,  P  (total)
---------------------------------------




RUN at Wed Jul 14 12:33:06 2021
    using softmax as the activation for the output layer
    trained during 50 epochs
---------------------------------------
         0         1         accuracy = 0.83333331
---------------------------------------
0      165         1   TN, FP
1       32         0   FN, TP
---------------------------------------
       166        32   N,  P  (total)
---------------------------------------




RUN at Wed Jul 14 12:37:40 2021
    using softmax as the activation for the output layer
    trained during 50 epochs
---------------------------------------
         0         1         accuracy = 0.82932997
---------------------------------------
0      646         3   TN, FP
1      132        10   FN, TP
---------------------------------------
       649       142   N,  P  (total)
---------------------------------------




RUN at Wed Jul 14 12:37:40 2021
    using softmax as the activation for the output layer
    trained during 50 epochs
---------------------------------------
         0         1         accuracy = 0.83333331
---------------------------------------
0      165         1   TN, FP
1       32         0   FN, TP
---------------------------------------
       166        32   N,  P  (total)
---------------------------------------




RUN at Wed Jul 14 12:41:41 2021
    using softmax as the activation for the output layer
    trained during 50 epochs
---------------------------------------
         0         1         accuracy = 0.82932997
---------------------------------------
0      646         3   TN, FP
1      132        10   FN, TP
---------------------------------------
       649       142   N,  P  (total)
---------------------------------------




RUN at Wed Jul 14 12:41:41 2021
    using softmax as the activation for the output layer
    trained during 50 epochs
---------------------------------------
         0         1         accuracy = 0.83333331
---------------------------------------
0      165         1   TN, FP
1       32         0   FN, TP
---------------------------------------
       166        32   N,  P  (total)
---------------------------------------




RUN at Wed Jul 14 12:45:46 2021
    using softmax as the activation for the output layer
    trained during 50 epochs
---------------------------------------
         0         1         accuracy = 0.82932997
---------------------------------------
0      646         3   TN, FP
1      132        10   FN, TP
---------------------------------------
       649       142   N,  P  (total)
---------------------------------------




RUN at Wed Jul 14 12:45:46 2021
    using softmax as the activation for the output layer
    trained during 50 epochs
---------------------------------------
         0         1         accuracy = 0.83333331
---------------------------------------
0      165         1   TN, FP
1       32         0   FN, TP
---------------------------------------
       166        32   N,  P  (total)
---------------------------------------




RUN at Wed Jul 14 12:49:48 2021
    using softmax as the activation for the output layer
    trained during 50 epochs
---------------------------------------
         0         1         accuracy = 0.82932997
---------------------------------------
0      646         3   TN, FP
1      132        10   FN, TP
---------------------------------------
       649       142   N,  P  (total)
---------------------------------------




RUN at Wed Jul 14 12:49:48 2021
    using softmax as the activation for the output layer
    trained during 50 epochs
---------------------------------------
         0         1         accuracy = 0.83333331
---------------------------------------
0      165         1   TN, FP
1       32         0   FN, TP
---------------------------------------
       166        32   N,  P  (total)
---------------------------------------


