

RUN at Wed Jul 14 14:26:14 2021
    using sigmoid as the activation for the output layer
    trained during 50 epochs
---------------------------------------
         0         1         accuracy = 0.94310999
---------------------------------------
0      645         4   TN, FP
1       41       101   FN, TP
---------------------------------------
       649       142   N,  P  (total)
---------------------------------------




RUN at Wed Jul 14 14:26:14 2021
    using sigmoid as the activation for the output layer
    trained during 50 epochs
---------------------------------------
         0         1         accuracy = 0.80808079
---------------------------------------
0      157         9   TN, FP
1       29         3   FN, TP
---------------------------------------
       166        32   N,  P  (total)
---------------------------------------


