

RUN at Tue Jul 13 20:43:27 2021
    using softmax as the activation for the output layer
    trained during 50 epochs
---------------------------------------
         0         1         accuracy = 0.96965867
---------------------------------------
0      644         5   TN, FP
1       19       123   FN, TP
---------------------------------------
       649       142   N,  P  (total)
---------------------------------------




RUN at Tue Jul 13 20:43:27 2021
    using softmax as the activation for the output layer
    trained during 50 epochs
---------------------------------------
         0         1         accuracy = 0.81313133
---------------------------------------
0      153        13   TN, FP
1       24         8   FN, TP
---------------------------------------
       166        32   N,  P  (total)
---------------------------------------


