

RUN at Wed Jul 14 12:59:59 2021
    using sigmoid as the activation for the output layer
    trained during 50 epochs
---------------------------------------
         0         1         accuracy = 0.93552464
---------------------------------------
0      640         9   TN, FP
1       42       100   FN, TP
---------------------------------------
       649       142   N,  P  (total)
---------------------------------------




RUN at Wed Jul 14 12:59:59 2021
    using sigmoid as the activation for the output layer
    trained during 50 epochs
---------------------------------------
         0         1         accuracy = 0.80808079
---------------------------------------
0      152        14   TN, FP
1       24         8   FN, TP
---------------------------------------
       166        32   N,  P  (total)
---------------------------------------




RUN at Wed Jul 14 13:04:11 2021
    using sigmoid as the activation for the output layer
    trained during 50 epochs
---------------------------------------
         0         1         accuracy = 0.93552464
---------------------------------------
0      640         9   TN, FP
1       42       100   FN, TP
---------------------------------------
       649       142   N,  P  (total)
---------------------------------------




RUN at Wed Jul 14 13:04:12 2021
    using sigmoid as the activation for the output layer
    trained during 50 epochs
---------------------------------------
         0         1         accuracy = 0.80808079
---------------------------------------
0      152        14   TN, FP
1       24         8   FN, TP
---------------------------------------
       166        32   N,  P  (total)
---------------------------------------




RUN at Wed Jul 14 13:08:25 2021
    using sigmoid as the activation for the output layer
    trained during 50 epochs
---------------------------------------
         0         1         accuracy = 0.93552464
---------------------------------------
0      640         9   TN, FP
1       42       100   FN, TP
---------------------------------------
       649       142   N,  P  (total)
---------------------------------------




RUN at Wed Jul 14 13:08:25 2021
    using sigmoid as the activation for the output layer
    trained during 50 epochs
---------------------------------------
         0         1         accuracy = 0.80808079
---------------------------------------
0      152        14   TN, FP
1       24         8   FN, TP
---------------------------------------
       166        32   N,  P  (total)
---------------------------------------




RUN at Wed Jul 14 13:12:36 2021
    using sigmoid as the activation for the output layer
    trained during 50 epochs
---------------------------------------
         0         1         accuracy = 0.93552464
---------------------------------------
0      640         9   TN, FP
1       42       100   FN, TP
---------------------------------------
       649       142   N,  P  (total)
---------------------------------------




RUN at Wed Jul 14 13:12:37 2021
    using sigmoid as the activation for the output layer
    trained during 50 epochs
---------------------------------------
         0         1         accuracy = 0.80808079
---------------------------------------
0      152        14   TN, FP
1       24         8   FN, TP
---------------------------------------
       166        32   N,  P  (total)
---------------------------------------




RUN at Wed Jul 14 13:16:51 2021
    using sigmoid as the activation for the output layer
    trained during 50 epochs
---------------------------------------
         0         1         accuracy = 0.93552464
---------------------------------------
0      641         8   TN, FP
1       43        99   FN, TP
---------------------------------------
       649       142   N,  P  (total)
---------------------------------------




RUN at Wed Jul 14 13:16:51 2021
    using sigmoid as the activation for the output layer
    trained during 50 epochs
---------------------------------------
         0         1         accuracy = 0.80303031
---------------------------------------
0      152        14   TN, FP
1       25         7   FN, TP
---------------------------------------
       166        32   N,  P  (total)
---------------------------------------




RUN at Wed Jul 14 13:21:01 2021
    using sigmoid as the activation for the output layer
    trained during 50 epochs
---------------------------------------
         0         1         accuracy = 0.93552464
---------------------------------------
0      641         8   TN, FP
1       43        99   FN, TP
---------------------------------------
       649       142   N,  P  (total)
---------------------------------------




RUN at Wed Jul 14 13:21:01 2021
    using sigmoid as the activation for the output layer
    trained during 50 epochs
---------------------------------------
         0         1         accuracy = 0.80303031
---------------------------------------
0      152        14   TN, FP
1       25         7   FN, TP
---------------------------------------
       166        32   N,  P  (total)
---------------------------------------




RUN at Wed Jul 14 13:24:51 2021
    using sigmoid as the activation for the output layer
    trained during 50 epochs
---------------------------------------
         0         1         accuracy = 0.93552464
---------------------------------------
0      640         9   TN, FP
1       42       100   FN, TP
---------------------------------------
       649       142   N,  P  (total)
---------------------------------------




RUN at Wed Jul 14 13:24:52 2021
    using sigmoid as the activation for the output layer
    trained during 50 epochs
---------------------------------------
         0         1         accuracy = 0.80808079
---------------------------------------
0      152        14   TN, FP
1       24         8   FN, TP
---------------------------------------
       166        32   N,  P  (total)
---------------------------------------




RUN at Wed Jul 14 13:28:39 2021
    using sigmoid as the activation for the output layer
    trained during 50 epochs
---------------------------------------
         0         1         accuracy = 0.93426043
---------------------------------------
0      640         9   TN, FP
1       43        99   FN, TP
---------------------------------------
       649       142   N,  P  (total)
---------------------------------------




RUN at Wed Jul 14 13:28:39 2021
    using sigmoid as the activation for the output layer
    trained during 50 epochs
---------------------------------------
         0         1         accuracy = 0.80808079
---------------------------------------
0      152        14   TN, FP
1       24         8   FN, TP
---------------------------------------
       166        32   N,  P  (total)
---------------------------------------




RUN at Wed Jul 14 13:32:33 2021
    using sigmoid as the activation for the output layer
    trained during 50 epochs
---------------------------------------
         0         1         accuracy = 0.93426043
---------------------------------------
0      640         9   TN, FP
1       43        99   FN, TP
---------------------------------------
       649       142   N,  P  (total)
---------------------------------------




RUN at Wed Jul 14 13:32:34 2021
    using sigmoid as the activation for the output layer
    trained during 50 epochs
---------------------------------------
         0         1         accuracy = 0.80808079
---------------------------------------
0      152        14   TN, FP
1       24         8   FN, TP
---------------------------------------
       166        32   N,  P  (total)
---------------------------------------




RUN at Wed Jul 14 13:36:28 2021
    using sigmoid as the activation for the output layer
    trained during 50 epochs
---------------------------------------
         0         1         accuracy = 0.93552464
---------------------------------------
0      641         8   TN, FP
1       43        99   FN, TP
---------------------------------------
       649       142   N,  P  (total)
---------------------------------------




RUN at Wed Jul 14 13:36:28 2021
    using sigmoid as the activation for the output layer
    trained during 50 epochs
---------------------------------------
         0         1         accuracy = 0.80303031
---------------------------------------
0      152        14   TN, FP
1       25         7   FN, TP
---------------------------------------
       166        32   N,  P  (total)
---------------------------------------


