

RUN at Wed Jul 14 12:50:10 2021
    using softmax as the activation for the output layer
    trained during 50 epochs
---------------------------------------
         0         1         accuracy = 0.82680154
---------------------------------------
0      639        10   TN, FP
1      127        15   FN, TP
---------------------------------------
       649       142   N,  P  (total)
---------------------------------------




RUN at Wed Jul 14 12:50:10 2021
    using softmax as the activation for the output layer
    trained during 50 epochs
---------------------------------------
         0         1         accuracy = 0.84848487
---------------------------------------
0      165         1   TN, FP
1       29         3   FN, TP
---------------------------------------
       166        32   N,  P  (total)
---------------------------------------




RUN at Wed Jul 14 12:50:20 2021
    using softmax as the activation for the output layer
    trained during 50 epochs
---------------------------------------
         0         1         accuracy = 0.82680154
---------------------------------------
0      639        10   TN, FP
1      127        15   FN, TP
---------------------------------------
       649       142   N,  P  (total)
---------------------------------------




RUN at Wed Jul 14 12:50:20 2021
    using softmax as the activation for the output layer
    trained during 50 epochs
---------------------------------------
         0         1         accuracy = 0.84848487
---------------------------------------
0      165         1   TN, FP
1       29         3   FN, TP
---------------------------------------
       166        32   N,  P  (total)
---------------------------------------




RUN at Wed Jul 14 12:50:32 2021
    using softmax as the activation for the output layer
    trained during 50 epochs
---------------------------------------
         0         1         accuracy = 0.82680154
---------------------------------------
0      639        10   TN, FP
1      127        15   FN, TP
---------------------------------------
       649       142   N,  P  (total)
---------------------------------------




RUN at Wed Jul 14 12:50:32 2021
    using softmax as the activation for the output layer
    trained during 50 epochs
---------------------------------------
         0         1         accuracy = 0.84848487
---------------------------------------
0      165         1   TN, FP
1       29         3   FN, TP
---------------------------------------
       166        32   N,  P  (total)
---------------------------------------




RUN at Wed Jul 14 12:50:43 2021
    using softmax as the activation for the output layer
    trained during 50 epochs
---------------------------------------
         0         1         accuracy = 0.82680154
---------------------------------------
0      639        10   TN, FP
1      127        15   FN, TP
---------------------------------------
       649       142   N,  P  (total)
---------------------------------------




RUN at Wed Jul 14 12:50:43 2021
    using softmax as the activation for the output layer
    trained during 50 epochs
---------------------------------------
         0         1         accuracy = 0.84848487
---------------------------------------
0      165         1   TN, FP
1       29         3   FN, TP
---------------------------------------
       166        32   N,  P  (total)
---------------------------------------




RUN at Wed Jul 14 12:50:53 2021
    using softmax as the activation for the output layer
    trained during 50 epochs
---------------------------------------
         0         1         accuracy = 0.82680154
---------------------------------------
0      639        10   TN, FP
1      127        15   FN, TP
---------------------------------------
       649       142   N,  P  (total)
---------------------------------------




RUN at Wed Jul 14 12:50:53 2021
    using softmax as the activation for the output layer
    trained during 50 epochs
---------------------------------------
         0         1         accuracy = 0.84848487
---------------------------------------
0      165         1   TN, FP
1       29         3   FN, TP
---------------------------------------
       166        32   N,  P  (total)
---------------------------------------




RUN at Wed Jul 14 12:51:04 2021
    using softmax as the activation for the output layer
    trained during 50 epochs
---------------------------------------
         0         1         accuracy = 0.82680154
---------------------------------------
0      639        10   TN, FP
1      127        15   FN, TP
---------------------------------------
       649       142   N,  P  (total)
---------------------------------------




RUN at Wed Jul 14 12:51:04 2021
    using softmax as the activation for the output layer
    trained during 50 epochs
---------------------------------------
         0         1         accuracy = 0.84848487
---------------------------------------
0      165         1   TN, FP
1       29         3   FN, TP
---------------------------------------
       166        32   N,  P  (total)
---------------------------------------




RUN at Wed Jul 14 12:51:14 2021
    using softmax as the activation for the output layer
    trained during 50 epochs
---------------------------------------
         0         1         accuracy = 0.82680154
---------------------------------------
0      639        10   TN, FP
1      127        15   FN, TP
---------------------------------------
       649       142   N,  P  (total)
---------------------------------------




RUN at Wed Jul 14 12:51:14 2021
    using softmax as the activation for the output layer
    trained during 50 epochs
---------------------------------------
         0         1         accuracy = 0.84848487
---------------------------------------
0      165         1   TN, FP
1       29         3   FN, TP
---------------------------------------
       166        32   N,  P  (total)
---------------------------------------




RUN at Wed Jul 14 12:51:25 2021
    using softmax as the activation for the output layer
    trained during 50 epochs
---------------------------------------
         0         1         accuracy = 0.82680154
---------------------------------------
0      639        10   TN, FP
1      127        15   FN, TP
---------------------------------------
       649       142   N,  P  (total)
---------------------------------------




RUN at Wed Jul 14 12:51:25 2021
    using softmax as the activation for the output layer
    trained during 50 epochs
---------------------------------------
         0         1         accuracy = 0.84848487
---------------------------------------
0      165         1   TN, FP
1       29         3   FN, TP
---------------------------------------
       166        32   N,  P  (total)
---------------------------------------




RUN at Wed Jul 14 12:51:35 2021
    using softmax as the activation for the output layer
    trained during 50 epochs
---------------------------------------
         0         1         accuracy = 0.82680154
---------------------------------------
0      639        10   TN, FP
1      127        15   FN, TP
---------------------------------------
       649       142   N,  P  (total)
---------------------------------------




RUN at Wed Jul 14 12:51:35 2021
    using softmax as the activation for the output layer
    trained during 50 epochs
---------------------------------------
         0         1         accuracy = 0.84848487
---------------------------------------
0      165         1   TN, FP
1       29         3   FN, TP
---------------------------------------
       166        32   N,  P  (total)
---------------------------------------




RUN at Wed Jul 14 12:51:45 2021
    using softmax as the activation for the output layer
    trained during 50 epochs
---------------------------------------
         0         1         accuracy = 0.82680154
---------------------------------------
0      639        10   TN, FP
1      127        15   FN, TP
---------------------------------------
       649       142   N,  P  (total)
---------------------------------------




RUN at Wed Jul 14 12:51:45 2021
    using softmax as the activation for the output layer
    trained during 50 epochs
---------------------------------------
         0         1         accuracy = 0.84848487
---------------------------------------
0      165         1   TN, FP
1       29         3   FN, TP
---------------------------------------
       166        32   N,  P  (total)
---------------------------------------


