
RUN at Thu Jul  8 15:25:27 2021 
    using softmax as the activation for the output layer
    trained during 50 epochs

Confusion matrix for subset train:
[[647   2]
 [  0 142]]

Classification  report for subset train:
              precision    recall  f1-score   support

         0.0       1.00      1.00      1.00       649
         1.0       0.99      1.00      0.99       142

    accuracy                           1.00       791
   macro avg       0.99      1.00      1.00       791
weighted avg       1.00      1.00      1.00       791



Confusion matrix for subset test:
[[142  24]
 [ 24   8]]

Classification  report for subset test:
              precision    recall  f1-score   support

         0.0       0.86      0.86      0.86       166
         1.0       0.25      0.25      0.25        32

    accuracy                           0.76       198
   macro avg       0.55      0.55      0.55       198
weighted avg       0.76      0.76      0.76       198



RUN at Thu Jul  8 15:25:59 2021 
    using softmax as the activation for the output layer
    trained during 50 epochs

Confusion matrix for subset train:
[[646   3]
 [  2 140]]

Classification  report for subset train:
              precision    recall  f1-score   support

         0.0       1.00      1.00      1.00       649
         1.0       0.98      0.99      0.98       142

    accuracy                           0.99       791
   macro avg       0.99      0.99      0.99       791
weighted avg       0.99      0.99      0.99       791



Confusion matrix for subset test:
[[137  29]
 [ 21  11]]

Classification  report for subset test:
              precision    recall  f1-score   support

         0.0       0.87      0.83      0.85       166
         1.0       0.28      0.34      0.31        32

    accuracy                           0.75       198
   macro avg       0.57      0.58      0.58       198
weighted avg       0.77      0.75      0.76       198



RUN at Thu Jul  8 15:26:31 2021 
    using softmax as the activation for the output layer
    trained during 50 epochs

Confusion matrix for subset train:
[[649   0]
 [  1 141]]

Classification  report for subset train:
              precision    recall  f1-score   support

         0.0       1.00      1.00      1.00       649
         1.0       1.00      0.99      1.00       142

    accuracy                           1.00       791
   macro avg       1.00      1.00      1.00       791
weighted avg       1.00      1.00      1.00       791



Confusion matrix for subset test:
[[143  23]
 [ 23   9]]

Classification  report for subset test:
              precision    recall  f1-score   support

         0.0       0.86      0.86      0.86       166
         1.0       0.28      0.28      0.28        32

    accuracy                           0.77       198
   macro avg       0.57      0.57      0.57       198
weighted avg       0.77      0.77      0.77       198



RUN at Thu Jul  8 15:27:03 2021 
    using softmax as the activation for the output layer
    trained during 50 epochs

Confusion matrix for subset train:
[[649   0]
 [  0 142]]

Classification  report for subset train:
              precision    recall  f1-score   support

         0.0       1.00      1.00      1.00       649
         1.0       1.00      1.00      1.00       142

    accuracy                           1.00       791
   macro avg       1.00      1.00      1.00       791
weighted avg       1.00      1.00      1.00       791



Confusion matrix for subset test:
[[142  24]
 [ 25   7]]

Classification  report for subset test:
              precision    recall  f1-score   support

         0.0       0.85      0.86      0.85       166
         1.0       0.23      0.22      0.22        32

    accuracy                           0.75       198
   macro avg       0.54      0.54      0.54       198
weighted avg       0.75      0.75      0.75       198



RUN at Thu Jul  8 15:27:35 2021 
    using softmax as the activation for the output layer
    trained during 50 epochs

Confusion matrix for subset train:
[[648   1]
 [  0 142]]

Classification  report for subset train:
              precision    recall  f1-score   support

         0.0       1.00      1.00      1.00       649
         1.0       0.99      1.00      1.00       142

    accuracy                           1.00       791
   macro avg       1.00      1.00      1.00       791
weighted avg       1.00      1.00      1.00       791



Confusion matrix for subset test:
[[145  21]
 [ 27   5]]

Classification  report for subset test:
              precision    recall  f1-score   support

         0.0       0.84      0.87      0.86       166
         1.0       0.19      0.16      0.17        32

    accuracy                           0.76       198
   macro avg       0.52      0.51      0.52       198
weighted avg       0.74      0.76      0.75       198



RUN at Thu Jul  8 15:28:07 2021 
    using softmax as the activation for the output layer
    trained during 50 epochs

Confusion matrix for subset train:
[[649   0]
 [  0 142]]

Classification  report for subset train:
              precision    recall  f1-score   support

         0.0       1.00      1.00      1.00       649
         1.0       1.00      1.00      1.00       142

    accuracy                           1.00       791
   macro avg       1.00      1.00      1.00       791
weighted avg       1.00      1.00      1.00       791



Confusion matrix for subset test:
[[142  24]
 [ 25   7]]

Classification  report for subset test:
              precision    recall  f1-score   support

         0.0       0.85      0.86      0.85       166
         1.0       0.23      0.22      0.22        32

    accuracy                           0.75       198
   macro avg       0.54      0.54      0.54       198
weighted avg       0.75      0.75      0.75       198



RUN at Thu Jul  8 15:28:39 2021 
    using softmax as the activation for the output layer
    trained during 50 epochs

Confusion matrix for subset train:
[[649   0]
 [  0 142]]

Classification  report for subset train:
              precision    recall  f1-score   support

         0.0       1.00      1.00      1.00       649
         1.0       1.00      1.00      1.00       142

    accuracy                           1.00       791
   macro avg       1.00      1.00      1.00       791
weighted avg       1.00      1.00      1.00       791



Confusion matrix for subset test:
[[147  19]
 [ 27   5]]

Classification  report for subset test:
              precision    recall  f1-score   support

         0.0       0.84      0.89      0.86       166
         1.0       0.21      0.16      0.18        32

    accuracy                           0.77       198
   macro avg       0.53      0.52      0.52       198
weighted avg       0.74      0.77      0.75       198



RUN at Thu Jul  8 15:29:11 2021 
    using softmax as the activation for the output layer
    trained during 50 epochs

Confusion matrix for subset train:
[[649   0]
 [  0 142]]

Classification  report for subset train:
              precision    recall  f1-score   support

         0.0       1.00      1.00      1.00       649
         1.0       1.00      1.00      1.00       142

    accuracy                           1.00       791
   macro avg       1.00      1.00      1.00       791
weighted avg       1.00      1.00      1.00       791



Confusion matrix for subset test:
[[148  18]
 [ 25   7]]

Classification  report for subset test:
              precision    recall  f1-score   support

         0.0       0.86      0.89      0.87       166
         1.0       0.28      0.22      0.25        32

    accuracy                           0.78       198
   macro avg       0.57      0.56      0.56       198
weighted avg       0.76      0.78      0.77       198



RUN at Thu Jul  8 15:29:43 2021 
    using softmax as the activation for the output layer
    trained during 50 epochs

Confusion matrix for subset train:
[[648   1]
 [ 14 128]]

Classification  report for subset train:
              precision    recall  f1-score   support

         0.0       0.98      1.00      0.99       649
         1.0       0.99      0.90      0.94       142

    accuracy                           0.98       791
   macro avg       0.99      0.95      0.97       791
weighted avg       0.98      0.98      0.98       791



Confusion matrix for subset test:
[[152  14]
 [ 22  10]]

Classification  report for subset test:
              precision    recall  f1-score   support

         0.0       0.87      0.92      0.89       166
         1.0       0.42      0.31      0.36        32

    accuracy                           0.82       198
   macro avg       0.65      0.61      0.63       198
weighted avg       0.80      0.82      0.81       198



RUN at Thu Jul  8 15:30:15 2021 
    using softmax as the activation for the output layer
    trained during 50 epochs

Confusion matrix for subset train:
[[648   1]
 [  0 142]]

Classification  report for subset train:
              precision    recall  f1-score   support

         0.0       1.00      1.00      1.00       649
         1.0       0.99      1.00      1.00       142

    accuracy                           1.00       791
   macro avg       1.00      1.00      1.00       791
weighted avg       1.00      1.00      1.00       791



Confusion matrix for subset test:
[[145  21]
 [ 26   6]]

Classification  report for subset test:
              precision    recall  f1-score   support

         0.0       0.85      0.87      0.86       166
         1.0       0.22      0.19      0.20        32

    accuracy                           0.76       198
   macro avg       0.54      0.53      0.53       198
weighted avg       0.75      0.76      0.75       198


