

RUN at Mon Jul  5 20:47:52 2021
    using sigmoid as the activation for the output layer
    trained during 20 epochs
---------------------------------------
         0         1
---------------------------------------
0      649         2   TN, FN
1        0       140   FP, TP
---------------------------------------
       649       142   N,  P  (total)
---------------------------------------




RUN at Mon Jul  5 20:47:52 2021
    using sigmoid as the activation for the output layer
    trained during 20 epochs
---------------------------------------
         0         1
---------------------------------------
0      149        29   TN, FN
1       17         3   FP, TP
---------------------------------------
       166        32   N,  P  (total)
---------------------------------------




RUN at Mon Jul  5 20:49:04 2021
    using sigmoid as the activation for the output layer
    trained during 20 epochs
---------------------------------------
         0         1
---------------------------------------
0      649         2   TN, FN
1        0       140   FP, TP
---------------------------------------
       649       142   N,  P  (total)
---------------------------------------




RUN at Mon Jul  5 20:49:05 2021
    using sigmoid as the activation for the output layer
    trained during 20 epochs
---------------------------------------
         0         1
---------------------------------------
0      155        29   TN, FN
1       11         3   FP, TP
---------------------------------------
       166        32   N,  P  (total)
---------------------------------------




RUN at Mon Jul  5 20:50:16 2021
    using sigmoid as the activation for the output layer
    trained during 20 epochs
---------------------------------------
         0         1
---------------------------------------
0      649         2   TN, FN
1        0       140   FP, TP
---------------------------------------
       649       142   N,  P  (total)
---------------------------------------




RUN at Mon Jul  5 20:50:16 2021
    using sigmoid as the activation for the output layer
    trained during 20 epochs
---------------------------------------
         0         1
---------------------------------------
0      155        29   TN, FN
1       11         3   FP, TP
---------------------------------------
       166        32   N,  P  (total)
---------------------------------------




RUN at Mon Jul  5 20:51:28 2021
    using sigmoid as the activation for the output layer
    trained during 20 epochs
---------------------------------------
         0         1
---------------------------------------
0      649         2   TN, FN
1        0       140   FP, TP
---------------------------------------
       649       142   N,  P  (total)
---------------------------------------




RUN at Mon Jul  5 20:51:28 2021
    using sigmoid as the activation for the output layer
    trained during 20 epochs
---------------------------------------
         0         1
---------------------------------------
0      150        29   TN, FN
1       16         3   FP, TP
---------------------------------------
       166        32   N,  P  (total)
---------------------------------------




RUN at Mon Jul  5 20:52:40 2021
    using sigmoid as the activation for the output layer
    trained during 20 epochs
---------------------------------------
         0         1
---------------------------------------
0      649         2   TN, FN
1        0       140   FP, TP
---------------------------------------
       649       142   N,  P  (total)
---------------------------------------




RUN at Mon Jul  5 20:52:41 2021
    using sigmoid as the activation for the output layer
    trained during 20 epochs
---------------------------------------
         0         1
---------------------------------------
0      150        29   TN, FN
1       16         3   FP, TP
---------------------------------------
       166        32   N,  P  (total)
---------------------------------------




RUN at Mon Jul  5 20:53:52 2021
    using sigmoid as the activation for the output layer
    trained during 20 epochs
---------------------------------------
         0         1
---------------------------------------
0      649         2   TN, FN
1        0       140   FP, TP
---------------------------------------
       649       142   N,  P  (total)
---------------------------------------




RUN at Mon Jul  5 20:53:53 2021
    using sigmoid as the activation for the output layer
    trained during 20 epochs
---------------------------------------
         0         1
---------------------------------------
0      155        29   TN, FN
1       11         3   FP, TP
---------------------------------------
       166        32   N,  P  (total)
---------------------------------------


