

RUN at Thu Jul  8 18:48:51 2021
    using sigmoid as the activation for the output layer
    trained during 50 epochs
---------------------------------------
         0         1         accuracy = 0.99367889
---------------------------------------
0      645         4   TN, FP
1        1       141   FN, TP
---------------------------------------
       649       142   N,  P  (total)
---------------------------------------




RUN at Thu Jul  8 18:48:51 2021
    using sigmoid as the activation for the output layer
    trained during 50 epochs
---------------------------------------
         0         1         accuracy = 0.75252525
---------------------------------------
0      140        26   TN, FP
1       23         9   FN, TP
---------------------------------------
       166        32   N,  P  (total)
---------------------------------------




RUN at Thu Jul  8 18:48:59 2021
    using sigmoid as the activation for the output layer
    trained during 50 epochs
---------------------------------------
         0         1         accuracy = 0.98988622
---------------------------------------
0      645         4   TN, FP
1        4       138   FN, TP
---------------------------------------
       649       142   N,  P  (total)
---------------------------------------




RUN at Thu Jul  8 18:48:59 2021
    using sigmoid as the activation for the output layer
    trained during 50 epochs
---------------------------------------
         0         1         accuracy = 0.77272727
---------------------------------------
0      142        24   TN, FP
1       21        11   FN, TP
---------------------------------------
       166        32   N,  P  (total)
---------------------------------------




RUN at Thu Jul  8 18:49:06 2021
    using sigmoid as the activation for the output layer
    trained during 50 epochs
---------------------------------------
         0         1         accuracy = 0.92288243
---------------------------------------
0      599        50   TN, FP
1       11       131   FN, TP
---------------------------------------
       649       142   N,  P  (total)
---------------------------------------




RUN at Thu Jul  8 18:49:06 2021
    using sigmoid as the activation for the output layer
    trained during 50 epochs
---------------------------------------
         0         1         accuracy = 0.71717172
---------------------------------------
0      132        34   TN, FP
1       22        10   FN, TP
---------------------------------------
       166        32   N,  P  (total)
---------------------------------------




RUN at Thu Jul  8 18:49:14 2021
    using sigmoid as the activation for the output layer
    trained during 50 epochs
---------------------------------------
         0         1         accuracy = 0.99241466
---------------------------------------
0      647         2   TN, FP
1        4       138   FN, TP
---------------------------------------
       649       142   N,  P  (total)
---------------------------------------




RUN at Thu Jul  8 18:49:14 2021
    using sigmoid as the activation for the output layer
    trained during 50 epochs
---------------------------------------
         0         1         accuracy = 0.74242424
---------------------------------------
0      137        29   TN, FP
1       22        10   FN, TP
---------------------------------------
       166        32   N,  P  (total)
---------------------------------------




RUN at Thu Jul  8 18:49:21 2021
    using sigmoid as the activation for the output layer
    trained during 50 epochs
---------------------------------------
         0         1         accuracy = 0.99241466
---------------------------------------
0      647         2   TN, FP
1        4       138   FN, TP
---------------------------------------
       649       142   N,  P  (total)
---------------------------------------




RUN at Thu Jul  8 18:49:21 2021
    using sigmoid as the activation for the output layer
    trained during 50 epochs
---------------------------------------
         0         1         accuracy = 0.76262626
---------------------------------------
0      144        22   TN, FP
1       25         7   FN, TP
---------------------------------------
       166        32   N,  P  (total)
---------------------------------------




RUN at Thu Jul  8 18:49:29 2021
    using sigmoid as the activation for the output layer
    trained during 50 epochs
---------------------------------------
         0         1         accuracy = 0.99115044
---------------------------------------
0      645         4   TN, FP
1        3       139   FN, TP
---------------------------------------
       649       142   N,  P  (total)
---------------------------------------




RUN at Thu Jul  8 18:49:29 2021
    using sigmoid as the activation for the output layer
    trained during 50 epochs
---------------------------------------
         0         1         accuracy = 0.77272727
---------------------------------------
0      145        21   TN, FP
1       24         8   FN, TP
---------------------------------------
       166        32   N,  P  (total)
---------------------------------------


