

RUN at Mon Jul  5 22:20:05 2021
    using softmax as the activation for the output layer
    trained during 20 epochs
---------------------------------------
         0         1
---------------------------------------
0      631        10   TN, FN
1       18       132   FP, TP
---------------------------------------
       649       142   N,  P  (total)
---------------------------------------




RUN at Mon Jul  5 22:20:06 2021
    using softmax as the activation for the output layer
    trained during 20 epochs
---------------------------------------
         0         1
---------------------------------------
0      135        24   TN, FN
1       31         8   FP, TP
---------------------------------------
       166        32   N,  P  (total)
---------------------------------------




RUN at Mon Jul  5 22:21:17 2021
    using softmax as the activation for the output layer
    trained during 20 epochs
---------------------------------------
         0         1
---------------------------------------
0      636        13   TN, FN
1       13       129   FP, TP
---------------------------------------
       649       142   N,  P  (total)
---------------------------------------




RUN at Mon Jul  5 22:21:18 2021
    using softmax as the activation for the output layer
    trained during 20 epochs
---------------------------------------
         0         1
---------------------------------------
0      145        26   TN, FN
1       21         6   FP, TP
---------------------------------------
       166        32   N,  P  (total)
---------------------------------------




RUN at Mon Jul  5 22:22:30 2021
    using softmax as the activation for the output layer
    trained during 20 epochs
---------------------------------------
         0         1
---------------------------------------
0      636        13   TN, FN
1       13       129   FP, TP
---------------------------------------
       649       142   N,  P  (total)
---------------------------------------




RUN at Mon Jul  5 22:22:30 2021
    using softmax as the activation for the output layer
    trained during 20 epochs
---------------------------------------
         0         1
---------------------------------------
0      145        26   TN, FN
1       21         6   FP, TP
---------------------------------------
       166        32   N,  P  (total)
---------------------------------------




RUN at Mon Jul  5 22:23:42 2021
    using softmax as the activation for the output layer
    trained during 20 epochs
---------------------------------------
         0         1
---------------------------------------
0      636        13   TN, FN
1       13       129   FP, TP
---------------------------------------
       649       142   N,  P  (total)
---------------------------------------




RUN at Mon Jul  5 22:23:43 2021
    using softmax as the activation for the output layer
    trained during 20 epochs
---------------------------------------
         0         1
---------------------------------------
0      145        26   TN, FN
1       21         6   FP, TP
---------------------------------------
       166        32   N,  P  (total)
---------------------------------------




RUN at Mon Jul  5 22:24:54 2021
    using softmax as the activation for the output layer
    trained during 20 epochs
---------------------------------------
         0         1
---------------------------------------
0      636        13   TN, FN
1       13       129   FP, TP
---------------------------------------
       649       142   N,  P  (total)
---------------------------------------




RUN at Mon Jul  5 22:24:55 2021
    using softmax as the activation for the output layer
    trained during 20 epochs
---------------------------------------
         0         1
---------------------------------------
0      145        26   TN, FN
1       21         6   FP, TP
---------------------------------------
       166        32   N,  P  (total)
---------------------------------------




RUN at Mon Jul  5 22:26:07 2021
    using softmax as the activation for the output layer
    trained during 20 epochs
---------------------------------------
         0         1
---------------------------------------
0      630        10   TN, FN
1       19       132   FP, TP
---------------------------------------
       649       142   N,  P  (total)
---------------------------------------




RUN at Mon Jul  5 22:26:07 2021
    using softmax as the activation for the output layer
    trained during 20 epochs
---------------------------------------
         0         1
---------------------------------------
0      139        23   TN, FN
1       27         9   FP, TP
---------------------------------------
       166        32   N,  P  (total)
---------------------------------------


