

RUN at Thu Jul  8 18:49:39 2021
    using softmax as the activation for the output layer
    trained during 50 epochs
---------------------------------------
         0         1         accuracy = 0.88369153
---------------------------------------
0      586        63   TN, FP
1       29       113   FN, TP
---------------------------------------
       649       142   N,  P  (total)
---------------------------------------




RUN at Thu Jul  8 18:49:39 2021
    using softmax as the activation for the output layer
    trained during 50 epochs
---------------------------------------
         0         1         accuracy = 0.71212121
---------------------------------------
0      132        34   TN, FP
1       23         9   FN, TP
---------------------------------------
       166        32   N,  P  (total)
---------------------------------------




RUN at Thu Jul  8 18:49:48 2021
    using softmax as the activation for the output layer
    trained during 50 epochs
---------------------------------------
         0         1         accuracy = 0.99873578
---------------------------------------
0      649         0   TN, FP
1        1       141   FN, TP
---------------------------------------
       649       142   N,  P  (total)
---------------------------------------




RUN at Thu Jul  8 18:49:48 2021
    using softmax as the activation for the output layer
    trained during 50 epochs
---------------------------------------
         0         1         accuracy = 0.75757576
---------------------------------------
0      145        21   TN, FP
1       27         5   FN, TP
---------------------------------------
       166        32   N,  P  (total)
---------------------------------------




RUN at Thu Jul  8 18:49:57 2021
    using softmax as the activation for the output layer
    trained during 50 epochs
---------------------------------------
         0         1         accuracy = 0.97345133
---------------------------------------
0      629        20   TN, FP
1        1       141   FN, TP
---------------------------------------
       649       142   N,  P  (total)
---------------------------------------




RUN at Thu Jul  8 18:49:57 2021
    using softmax as the activation for the output layer
    trained during 50 epochs
---------------------------------------
         0         1         accuracy = 0.67171717
---------------------------------------
0      125        41   TN, FP
1       24         8   FN, TP
---------------------------------------
       166        32   N,  P  (total)
---------------------------------------




RUN at Thu Jul  8 18:50:04 2021
    using softmax as the activation for the output layer
    trained during 50 epochs
---------------------------------------
         0         1         accuracy = 0.99241466
---------------------------------------
0      647         2   TN, FP
1        4       138   FN, TP
---------------------------------------
       649       142   N,  P  (total)
---------------------------------------




RUN at Thu Jul  8 18:50:04 2021
    using softmax as the activation for the output layer
    trained during 50 epochs
---------------------------------------
         0         1         accuracy = 0.74747475
---------------------------------------
0      142        24   TN, FP
1       26         6   FN, TP
---------------------------------------
       166        32   N,  P  (total)
---------------------------------------




RUN at Thu Jul  8 18:50:12 2021
    using softmax as the activation for the output layer
    trained during 50 epochs
---------------------------------------
         0         1         accuracy = 0.99873578
---------------------------------------
0      649         0   TN, FP
1        1       141   FN, TP
---------------------------------------
       649       142   N,  P  (total)
---------------------------------------




RUN at Thu Jul  8 18:50:12 2021
    using softmax as the activation for the output layer
    trained during 50 epochs
---------------------------------------
         0         1         accuracy = 0.73737374
---------------------------------------
0      141        25   TN, FP
1       27         5   FN, TP
---------------------------------------
       166        32   N,  P  (total)
---------------------------------------




RUN at Thu Jul  8 18:50:20 2021
    using softmax as the activation for the output layer
    trained during 50 epochs
---------------------------------------
         0         1         accuracy = 0.99747155
---------------------------------------
0      649         0   TN, FP
1        2       140   FN, TP
---------------------------------------
       649       142   N,  P  (total)
---------------------------------------




RUN at Thu Jul  8 18:50:20 2021
    using softmax as the activation for the output layer
    trained during 50 epochs
---------------------------------------
         0         1         accuracy = 0.72727273
---------------------------------------
0      139        27   TN, FP
1       27         5   FN, TP
---------------------------------------
       166        32   N,  P  (total)
---------------------------------------


