

RUN at Mon Jul  5 21:34:24 2021
    using softmax as the activation for the output layer
    trained during 20 epochs
---------------------------------------
         0         1
---------------------------------------
0      649         2   TN, FN
1        0       140   FP, TP
---------------------------------------
       649       142   N,  P  (total)
---------------------------------------




RUN at Mon Jul  5 21:34:24 2021
    using softmax as the activation for the output layer
    trained during 20 epochs
---------------------------------------
         0         1
---------------------------------------
0      154        27   TN, FN
1       12         5   FP, TP
---------------------------------------
       166        32   N,  P  (total)
---------------------------------------




RUN at Mon Jul  5 21:35:36 2021
    using softmax as the activation for the output layer
    trained during 20 epochs
---------------------------------------
         0         1
---------------------------------------
0      649         2   TN, FN
1        0       140   FP, TP
---------------------------------------
       649       142   N,  P  (total)
---------------------------------------




RUN at Mon Jul  5 21:35:37 2021
    using softmax as the activation for the output layer
    trained during 20 epochs
---------------------------------------
         0         1
---------------------------------------
0      150        27   TN, FN
1       16         5   FP, TP
---------------------------------------
       166        32   N,  P  (total)
---------------------------------------




RUN at Mon Jul  5 21:36:49 2021
    using softmax as the activation for the output layer
    trained during 20 epochs
---------------------------------------
         0         1
---------------------------------------
0      649         2   TN, FN
1        0       140   FP, TP
---------------------------------------
       649       142   N,  P  (total)
---------------------------------------




RUN at Mon Jul  5 21:36:49 2021
    using softmax as the activation for the output layer
    trained during 20 epochs
---------------------------------------
         0         1
---------------------------------------
0      153        27   TN, FN
1       13         5   FP, TP
---------------------------------------
       166        32   N,  P  (total)
---------------------------------------




RUN at Mon Jul  5 21:38:01 2021
    using softmax as the activation for the output layer
    trained during 20 epochs
---------------------------------------
         0         1
---------------------------------------
0      649         2   TN, FN
1        0       140   FP, TP
---------------------------------------
       649       142   N,  P  (total)
---------------------------------------




RUN at Mon Jul  5 21:38:01 2021
    using softmax as the activation for the output layer
    trained during 20 epochs
---------------------------------------
         0         1
---------------------------------------
0      154        27   TN, FN
1       12         5   FP, TP
---------------------------------------
       166        32   N,  P  (total)
---------------------------------------




RUN at Mon Jul  5 21:39:13 2021
    using softmax as the activation for the output layer
    trained during 20 epochs
---------------------------------------
         0         1
---------------------------------------
0      649         2   TN, FN
1        0       140   FP, TP
---------------------------------------
       649       142   N,  P  (total)
---------------------------------------




RUN at Mon Jul  5 21:39:13 2021
    using softmax as the activation for the output layer
    trained during 20 epochs
---------------------------------------
         0         1
---------------------------------------
0      154        27   TN, FN
1       12         5   FP, TP
---------------------------------------
       166        32   N,  P  (total)
---------------------------------------




RUN at Mon Jul  5 21:40:25 2021
    using softmax as the activation for the output layer
    trained during 20 epochs
---------------------------------------
         0         1
---------------------------------------
0      649         2   TN, FN
1        0       140   FP, TP
---------------------------------------
       649       142   N,  P  (total)
---------------------------------------




RUN at Mon Jul  5 21:40:25 2021
    using softmax as the activation for the output layer
    trained during 20 epochs
---------------------------------------
         0         1
---------------------------------------
0      153        27   TN, FN
1       13         5   FP, TP
---------------------------------------
       166        32   N,  P  (total)
---------------------------------------


