

RUN at Mon Jul  5 21:32:59 2021
    using sigmoid as the activation for the output layer
    trained during 20 epochs
---------------------------------------
         0         1
---------------------------------------
0      649         3   TN, FN
1        0       139   FP, TP
---------------------------------------
       649       142   N,  P  (total)
---------------------------------------




RUN at Mon Jul  5 21:32:59 2021
    using sigmoid as the activation for the output layer
    trained during 20 epochs
---------------------------------------
         0         1
---------------------------------------
0      150        27   TN, FN
1       16         5   FP, TP
---------------------------------------
       166        32   N,  P  (total)
---------------------------------------




RUN at Mon Jul  5 21:33:02 2021
    using sigmoid as the activation for the output layer
    trained during 20 epochs
---------------------------------------
         0         1
---------------------------------------
0      649         3   TN, FN
1        0       139   FP, TP
---------------------------------------
       649       142   N,  P  (total)
---------------------------------------




RUN at Mon Jul  5 21:33:02 2021
    using sigmoid as the activation for the output layer
    trained during 20 epochs
---------------------------------------
         0         1
---------------------------------------
0      149        27   TN, FN
1       17         5   FP, TP
---------------------------------------
       166        32   N,  P  (total)
---------------------------------------




RUN at Mon Jul  5 21:33:04 2021
    using sigmoid as the activation for the output layer
    trained during 20 epochs
---------------------------------------
         0         1
---------------------------------------
0      649         3   TN, FN
1        0       139   FP, TP
---------------------------------------
       649       142   N,  P  (total)
---------------------------------------




RUN at Mon Jul  5 21:33:04 2021
    using sigmoid as the activation for the output layer
    trained during 20 epochs
---------------------------------------
         0         1
---------------------------------------
0      150        27   TN, FN
1       16         5   FP, TP
---------------------------------------
       166        32   N,  P  (total)
---------------------------------------




RUN at Mon Jul  5 21:33:07 2021
    using sigmoid as the activation for the output layer
    trained during 20 epochs
---------------------------------------
         0         1
---------------------------------------
0      649         3   TN, FN
1        0       139   FP, TP
---------------------------------------
       649       142   N,  P  (total)
---------------------------------------




RUN at Mon Jul  5 21:33:07 2021
    using sigmoid as the activation for the output layer
    trained during 20 epochs
---------------------------------------
         0         1
---------------------------------------
0      150        27   TN, FN
1       16         5   FP, TP
---------------------------------------
       166        32   N,  P  (total)
---------------------------------------




RUN at Mon Jul  5 21:33:09 2021
    using sigmoid as the activation for the output layer
    trained during 20 epochs
---------------------------------------
         0         1
---------------------------------------
0      649         3   TN, FN
1        0       139   FP, TP
---------------------------------------
       649       142   N,  P  (total)
---------------------------------------




RUN at Mon Jul  5 21:33:09 2021
    using sigmoid as the activation for the output layer
    trained during 20 epochs
---------------------------------------
         0         1
---------------------------------------
0      150        27   TN, FN
1       16         5   FP, TP
---------------------------------------
       166        32   N,  P  (total)
---------------------------------------




RUN at Mon Jul  5 21:33:12 2021
    using sigmoid as the activation for the output layer
    trained during 20 epochs
---------------------------------------
         0         1
---------------------------------------
0      649         3   TN, FN
1        0       139   FP, TP
---------------------------------------
       649       142   N,  P  (total)
---------------------------------------




RUN at Mon Jul  5 21:33:12 2021
    using sigmoid as the activation for the output layer
    trained during 20 epochs
---------------------------------------
         0         1
---------------------------------------
0      150        27   TN, FN
1       16         5   FP, TP
---------------------------------------
       166        32   N,  P  (total)
---------------------------------------


