

RUN at Mon Jul  5 22:36:41 2021
    using softmax as the activation for the output layer
    trained during 20 epochs
---------------------------------------
         0         1
---------------------------------------
0      601         2   TN, FN
1       48       140   FP, TP
---------------------------------------
       649       142   N,  P  (total)
---------------------------------------




RUN at Mon Jul  5 22:36:41 2021
    using softmax as the activation for the output layer
    trained during 20 epochs
---------------------------------------
         0         1
---------------------------------------
0      127        20   TN, FN
1       39        12   FP, TP
---------------------------------------
       166        32   N,  P  (total)
---------------------------------------




RUN at Mon Jul  5 22:37:54 2021
    using softmax as the activation for the output layer
    trained during 20 epochs
---------------------------------------
         0         1
---------------------------------------
0      629         0   TN, FN
1       20       142   FP, TP
---------------------------------------
       649       142   N,  P  (total)
---------------------------------------




RUN at Mon Jul  5 22:37:55 2021
    using softmax as the activation for the output layer
    trained during 20 epochs
---------------------------------------
         0         1
---------------------------------------
0      136        22   TN, FN
1       30        10   FP, TP
---------------------------------------
       166        32   N,  P  (total)
---------------------------------------




RUN at Mon Jul  5 22:39:07 2021
    using softmax as the activation for the output layer
    trained during 20 epochs
---------------------------------------
         0         1
---------------------------------------
0      640         0   TN, FN
1        9       142   FP, TP
---------------------------------------
       649       142   N,  P  (total)
---------------------------------------




RUN at Mon Jul  5 22:39:08 2021
    using softmax as the activation for the output layer
    trained during 20 epochs
---------------------------------------
         0         1
---------------------------------------
0      138        24   TN, FN
1       28         8   FP, TP
---------------------------------------
       166        32   N,  P  (total)
---------------------------------------




RUN at Mon Jul  5 22:40:21 2021
    using softmax as the activation for the output layer
    trained during 20 epochs
---------------------------------------
         0         1
---------------------------------------
0      629         0   TN, FN
1       20       142   FP, TP
---------------------------------------
       649       142   N,  P  (total)
---------------------------------------




RUN at Mon Jul  5 22:40:21 2021
    using softmax as the activation for the output layer
    trained during 20 epochs
---------------------------------------
         0         1
---------------------------------------
0      136        22   TN, FN
1       30        10   FP, TP
---------------------------------------
       166        32   N,  P  (total)
---------------------------------------




RUN at Mon Jul  5 22:41:34 2021
    using softmax as the activation for the output layer
    trained during 20 epochs
---------------------------------------
         0         1
---------------------------------------
0      601         2   TN, FN
1       48       140   FP, TP
---------------------------------------
       649       142   N,  P  (total)
---------------------------------------




RUN at Mon Jul  5 22:41:35 2021
    using softmax as the activation for the output layer
    trained during 20 epochs
---------------------------------------
         0         1
---------------------------------------
0      127        20   TN, FN
1       39        12   FP, TP
---------------------------------------
       166        32   N,  P  (total)
---------------------------------------




RUN at Mon Jul  5 22:42:48 2021
    using softmax as the activation for the output layer
    trained during 20 epochs
---------------------------------------
         0         1
---------------------------------------
0      601         2   TN, FN
1       48       140   FP, TP
---------------------------------------
       649       142   N,  P  (total)
---------------------------------------




RUN at Mon Jul  5 22:42:48 2021
    using softmax as the activation for the output layer
    trained during 20 epochs
---------------------------------------
         0         1
---------------------------------------
0      127        20   TN, FN
1       39        12   FP, TP
---------------------------------------
       166        32   N,  P  (total)
---------------------------------------


