

RUN at Mon Jul  5 22:42:50 2021
    using softmax as the activation for the output layer
    trained during 20 epochs
---------------------------------------
         0         1
---------------------------------------
0      632         1   TN, FN
1       17       141   FP, TP
---------------------------------------
       649       142   N,  P  (total)
---------------------------------------




RUN at Mon Jul  5 22:42:50 2021
    using softmax as the activation for the output layer
    trained during 20 epochs
---------------------------------------
         0         1
---------------------------------------
0      131        24   TN, FN
1       35         8   FP, TP
---------------------------------------
       166        32   N,  P  (total)
---------------------------------------




RUN at Mon Jul  5 22:42:52 2021
    using softmax as the activation for the output layer
    trained during 20 epochs
---------------------------------------
         0         1
---------------------------------------
0      637         1   TN, FN
1       12       141   FP, TP
---------------------------------------
       649       142   N,  P  (total)
---------------------------------------




RUN at Mon Jul  5 22:42:52 2021
    using softmax as the activation for the output layer
    trained during 20 epochs
---------------------------------------
         0         1
---------------------------------------
0      139        24   TN, FN
1       27         8   FP, TP
---------------------------------------
       166        32   N,  P  (total)
---------------------------------------




RUN at Mon Jul  5 22:42:54 2021
    using softmax as the activation for the output layer
    trained during 20 epochs
---------------------------------------
         0         1
---------------------------------------
0      632         0   TN, FN
1       17       142   FP, TP
---------------------------------------
       649       142   N,  P  (total)
---------------------------------------




RUN at Mon Jul  5 22:42:54 2021
    using softmax as the activation for the output layer
    trained during 20 epochs
---------------------------------------
         0         1
---------------------------------------
0      130        24   TN, FN
1       36         8   FP, TP
---------------------------------------
       166        32   N,  P  (total)
---------------------------------------




RUN at Mon Jul  5 22:42:56 2021
    using softmax as the activation for the output layer
    trained during 20 epochs
---------------------------------------
         0         1
---------------------------------------
0      643         1   TN, FN
1        6       141   FP, TP
---------------------------------------
       649       142   N,  P  (total)
---------------------------------------




RUN at Mon Jul  5 22:42:56 2021
    using softmax as the activation for the output layer
    trained during 20 epochs
---------------------------------------
         0         1
---------------------------------------
0      140        25   TN, FN
1       26         7   FP, TP
---------------------------------------
       166        32   N,  P  (total)
---------------------------------------




RUN at Mon Jul  5 22:42:58 2021
    using softmax as the activation for the output layer
    trained during 20 epochs
---------------------------------------
         0         1
---------------------------------------
0      632         1   TN, FN
1       17       141   FP, TP
---------------------------------------
       649       142   N,  P  (total)
---------------------------------------




RUN at Mon Jul  5 22:42:58 2021
    using softmax as the activation for the output layer
    trained during 20 epochs
---------------------------------------
         0         1
---------------------------------------
0      131        24   TN, FN
1       35         8   FP, TP
---------------------------------------
       166        32   N,  P  (total)
---------------------------------------




RUN at Mon Jul  5 22:43:00 2021
    using softmax as the activation for the output layer
    trained during 20 epochs
---------------------------------------
         0         1
---------------------------------------
0      635         1   TN, FN
1       14       141   FP, TP
---------------------------------------
       649       142   N,  P  (total)
---------------------------------------




RUN at Mon Jul  5 22:43:00 2021
    using softmax as the activation for the output layer
    trained during 20 epochs
---------------------------------------
         0         1
---------------------------------------
0      135        23   TN, FN
1       31         9   FP, TP
---------------------------------------
       166        32   N,  P  (total)
---------------------------------------


