

RUN at Mon Jul  5 22:35:18 2021
    using sigmoid as the activation for the output layer
    trained during 20 epochs
---------------------------------------
         0         1
---------------------------------------
0      625         0   TN, FN
1       24       142   FP, TP
---------------------------------------
       649       142   N,  P  (total)
---------------------------------------




RUN at Mon Jul  5 22:35:18 2021
    using sigmoid as the activation for the output layer
    trained during 20 epochs
---------------------------------------
         0         1
---------------------------------------
0      130        20   TN, FN
1       36        12   FP, TP
---------------------------------------
       166        32   N,  P  (total)
---------------------------------------




RUN at Mon Jul  5 22:35:20 2021
    using sigmoid as the activation for the output layer
    trained during 20 epochs
---------------------------------------
         0         1
---------------------------------------
0      593         1   TN, FN
1       56       141   FP, TP
---------------------------------------
       649       142   N,  P  (total)
---------------------------------------




RUN at Mon Jul  5 22:35:20 2021
    using sigmoid as the activation for the output layer
    trained during 20 epochs
---------------------------------------
         0         1
---------------------------------------
0      126        18   TN, FN
1       40        14   FP, TP
---------------------------------------
       166        32   N,  P  (total)
---------------------------------------




RUN at Mon Jul  5 22:35:22 2021
    using sigmoid as the activation for the output layer
    trained during 20 epochs
---------------------------------------
         0         1
---------------------------------------
0      625         0   TN, FN
1       24       142   FP, TP
---------------------------------------
       649       142   N,  P  (total)
---------------------------------------




RUN at Mon Jul  5 22:35:22 2021
    using sigmoid as the activation for the output layer
    trained during 20 epochs
---------------------------------------
         0         1
---------------------------------------
0      130        20   TN, FN
1       36        12   FP, TP
---------------------------------------
       166        32   N,  P  (total)
---------------------------------------




RUN at Mon Jul  5 22:35:24 2021
    using sigmoid as the activation for the output layer
    trained during 20 epochs
---------------------------------------
         0         1
---------------------------------------
0      593         1   TN, FN
1       56       141   FP, TP
---------------------------------------
       649       142   N,  P  (total)
---------------------------------------




RUN at Mon Jul  5 22:35:24 2021
    using sigmoid as the activation for the output layer
    trained during 20 epochs
---------------------------------------
         0         1
---------------------------------------
0      125        18   TN, FN
1       41        14   FP, TP
---------------------------------------
       166        32   N,  P  (total)
---------------------------------------




RUN at Mon Jul  5 22:35:26 2021
    using sigmoid as the activation for the output layer
    trained during 20 epochs
---------------------------------------
         0         1
---------------------------------------
0      624         0   TN, FN
1       25       142   FP, TP
---------------------------------------
       649       142   N,  P  (total)
---------------------------------------




RUN at Mon Jul  5 22:35:26 2021
    using sigmoid as the activation for the output layer
    trained during 20 epochs
---------------------------------------
         0         1
---------------------------------------
0      132        21   TN, FN
1       34        11   FP, TP
---------------------------------------
       166        32   N,  P  (total)
---------------------------------------




RUN at Mon Jul  5 22:35:28 2021
    using sigmoid as the activation for the output layer
    trained during 20 epochs
---------------------------------------
         0         1
---------------------------------------
0      613         0   TN, FN
1       36       142   FP, TP
---------------------------------------
       649       142   N,  P  (total)
---------------------------------------




RUN at Mon Jul  5 22:35:28 2021
    using sigmoid as the activation for the output layer
    trained during 20 epochs
---------------------------------------
         0         1
---------------------------------------
0      129        22   TN, FN
1       37        10   FP, TP
---------------------------------------
       166        32   N,  P  (total)
---------------------------------------


