
RUN at Fri Jul  2 09:02:13 2021 
    using softmax as the activation for the output layer
    trained during 50 epochs

Confusion matrix for subset train:
[[633  16]
 [ 76  66]]

Classification  report for subset train:
              precision    recall  f1-score   support

           0       0.89      0.98      0.93       649
           1       0.80      0.46      0.59       142

    accuracy                           0.88       791
   macro avg       0.85      0.72      0.76       791
weighted avg       0.88      0.88      0.87       791



Confusion matrix for subset test:
[[158   8]
 [ 25   7]]

Classification  report for subset test:
              precision    recall  f1-score   support

           0       0.86      0.95      0.91       166
           1       0.47      0.22      0.30        32

    accuracy                           0.83       198
   macro avg       0.67      0.59      0.60       198
weighted avg       0.80      0.83      0.81       198



RUN at Fri Jul  2 09:03:26 2021 
    using softmax as the activation for the output layer
    trained during 50 epochs

Confusion matrix for subset train:
[[638  11]
 [ 79  63]]

Classification  report for subset train:
              precision    recall  f1-score   support

           0       0.89      0.98      0.93       649
           1       0.85      0.44      0.58       142

    accuracy                           0.89       791
   macro avg       0.87      0.71      0.76       791
weighted avg       0.88      0.89      0.87       791



Confusion matrix for subset test:
[[160   6]
 [ 26   6]]

Classification  report for subset test:
              precision    recall  f1-score   support

           0       0.86      0.96      0.91       166
           1       0.50      0.19      0.27        32

    accuracy                           0.84       198
   macro avg       0.68      0.58      0.59       198
weighted avg       0.80      0.84      0.81       198



RUN at Fri Jul  2 09:04:37 2021 
    using softmax as the activation for the output layer
    trained during 50 epochs

Confusion matrix for subset train:
[[637  12]
 [ 77  65]]

Classification  report for subset train:
              precision    recall  f1-score   support

           0       0.89      0.98      0.93       649
           1       0.84      0.46      0.59       142

    accuracy                           0.89       791
   macro avg       0.87      0.72      0.76       791
weighted avg       0.88      0.89      0.87       791



Confusion matrix for subset test:
[[160   6]
 [ 26   6]]

Classification  report for subset test:
              precision    recall  f1-score   support

           0       0.86      0.96      0.91       166
           1       0.50      0.19      0.27        32

    accuracy                           0.84       198
   macro avg       0.68      0.58      0.59       198
weighted avg       0.80      0.84      0.81       198



RUN at Fri Jul  2 09:05:37 2021 
    using softmax as the activation for the output layer
    trained during 50 epochs

Confusion matrix for subset train:
[[634  15]
 [ 76  66]]

Classification  report for subset train:
              precision    recall  f1-score   support

           0       0.89      0.98      0.93       649
           1       0.81      0.46      0.59       142

    accuracy                           0.88       791
   macro avg       0.85      0.72      0.76       791
weighted avg       0.88      0.88      0.87       791



Confusion matrix for subset test:
[[156  10]
 [ 26   6]]

Classification  report for subset test:
              precision    recall  f1-score   support

           0       0.86      0.94      0.90       166
           1       0.38      0.19      0.25        32

    accuracy                           0.82       198
   macro avg       0.62      0.56      0.57       198
weighted avg       0.78      0.82      0.79       198



RUN at Fri Jul  2 09:06:41 2021 
    using sigmoid as the activation for the output layer
    trained during 50 epochs

Confusion matrix for subset train:
[[639  10]
 [ 84  58]]

Classification  report for subset train:
              precision    recall  f1-score   support

           0       0.88      0.98      0.93       649
           1       0.85      0.41      0.55       142

    accuracy                           0.88       791
   macro avg       0.87      0.70      0.74       791
weighted avg       0.88      0.88      0.86       791



Confusion matrix for subset test:
[[158   8]
 [ 27   5]]

Classification  report for subset test:
              precision    recall  f1-score   support

           0       0.85      0.95      0.90       166
           1       0.38      0.16      0.22        32

    accuracy                           0.82       198
   macro avg       0.62      0.55      0.56       198
weighted avg       0.78      0.82      0.79       198



RUN at Fri Jul  2 09:07:36 2021 
    using sigmoid as the activation for the output layer
    trained during 50 epochs

Confusion matrix for subset train:
[[586  63]
 [ 58  84]]

Classification  report for subset train:
              precision    recall  f1-score   support

           0       0.91      0.90      0.91       649
           1       0.57      0.59      0.58       142

    accuracy                           0.85       791
   macro avg       0.74      0.75      0.74       791
weighted avg       0.85      0.85      0.85       791



Confusion matrix for subset test:
[[137  29]
 [ 23   9]]

Classification  report for subset test:
              precision    recall  f1-score   support

           0       0.86      0.83      0.84       166
           1       0.24      0.28      0.26        32

    accuracy                           0.74       198
   macro avg       0.55      0.55      0.55       198
weighted avg       0.76      0.74      0.75       198



RUN at Fri Jul  2 09:08:30 2021 
    using sigmoid as the activation for the output layer
    trained during 50 epochs

Confusion matrix for subset train:
[[637  12]
 [ 85  57]]

Classification  report for subset train:
              precision    recall  f1-score   support

           0       0.88      0.98      0.93       649
           1       0.83      0.40      0.54       142

    accuracy                           0.88       791
   macro avg       0.85      0.69      0.73       791
weighted avg       0.87      0.88      0.86       791



Confusion matrix for subset test:
[[160   6]
 [ 26   6]]

Classification  report for subset test:
              precision    recall  f1-score   support

           0       0.86      0.96      0.91       166
           1       0.50      0.19      0.27        32

    accuracy                           0.84       198
   macro avg       0.68      0.58      0.59       198
weighted avg       0.80      0.84      0.81       198



RUN at Fri Jul  2 09:13:02 2021 
    using sigmoid as the activation for the output layer
    trained during 50 epochs

Confusion matrix for subset train:
[[640   9]
 [ 93  49]]

Classification  report for subset train:
              precision    recall  f1-score   support

           0       0.87      0.99      0.93       649
           1       0.84      0.35      0.49       142

    accuracy                           0.87       791
   macro avg       0.86      0.67      0.71       791
weighted avg       0.87      0.87      0.85       791



Confusion matrix for subset test:
[[161   5]
 [ 26   6]]

Classification  report for subset test:
              precision    recall  f1-score   support

           0       0.86      0.97      0.91       166
           1       0.55      0.19      0.28        32

    accuracy                           0.84       198
   macro avg       0.70      0.58      0.60       198
weighted avg       0.81      0.84      0.81       198



RUN at Fri Jul  2 09:18:34 2021 
    using sigmoid as the activation for the output layer
    trained during 50 epochs

Confusion matrix for subset train:
[[635  14]
 [ 67  75]]

Classification  report for subset train:
              precision    recall  f1-score   support

           0       0.90      0.98      0.94       649
           1       0.84      0.53      0.65       142

    accuracy                           0.90       791
   macro avg       0.87      0.75      0.79       791
weighted avg       0.89      0.90      0.89       791



Confusion matrix for subset test:
[[152  14]
 [ 28   4]]

Classification  report for subset test:
              precision    recall  f1-score   support

           0       0.84      0.92      0.88       166
           1       0.22      0.12      0.16        32

    accuracy                           0.79       198
   macro avg       0.53      0.52      0.52       198
weighted avg       0.74      0.79      0.76       198



RUN at Fri Jul  2 09:20:14 2021 
    using sigmoid as the activation for the output layer
    trained during 50 epochs

Confusion matrix for subset train:
[[639  10]
 [ 64  78]]

Classification  report for subset train:
              precision    recall  f1-score   support

           0       0.91      0.98      0.95       649
           1       0.89      0.55      0.68       142

    accuracy                           0.91       791
   macro avg       0.90      0.77      0.81       791
weighted avg       0.90      0.91      0.90       791



Confusion matrix for subset test:
[[158   8]
 [ 25   7]]

Classification  report for subset test:
              precision    recall  f1-score   support

           0       0.86      0.95      0.91       166
           1       0.47      0.22      0.30        32

    accuracy                           0.83       198
   macro avg       0.67      0.59      0.60       198
weighted avg       0.80      0.83      0.81       198



RUN at Fri Jul  2 09:22:51 2021 
    using softmax as the activation for the output layer
    trained during 50 epochs

Confusion matrix for subset train:
[[634  15]
 [ 57  85]]

Classification  report for subset train:
              precision    recall  f1-score   support

           0       0.92      0.98      0.95       649
           1       0.85      0.60      0.70       142

    accuracy                           0.91       791
   macro avg       0.88      0.79      0.82       791
weighted avg       0.91      0.91      0.90       791



Confusion matrix for subset test:
[[153  13]
 [ 26   6]]

Classification  report for subset test:
              precision    recall  f1-score   support

           0       0.85      0.92      0.89       166
           1       0.32      0.19      0.24        32

    accuracy                           0.80       198
   macro avg       0.59      0.55      0.56       198
weighted avg       0.77      0.80      0.78       198



RUN at Fri Jul  2 09:23:54 2021 
    using softmax as the activation for the output layer
    trained during 50 epochs

Confusion matrix for subset train:
[[636  13]
 [ 68  74]]

Classification  report for subset train:
              precision    recall  f1-score   support

           0       0.90      0.98      0.94       649
           1       0.85      0.52      0.65       142

    accuracy                           0.90       791
   macro avg       0.88      0.75      0.79       791
weighted avg       0.89      0.90      0.89       791



Confusion matrix for subset test:
[[156  10]
 [ 26   6]]

Classification  report for subset test:
              precision    recall  f1-score   support

           0       0.86      0.94      0.90       166
           1       0.38      0.19      0.25        32

    accuracy                           0.82       198
   macro avg       0.62      0.56      0.57       198
weighted avg       0.78      0.82      0.79       198



RUN at Fri Jul  2 09:30:19 2021 
    using softmax as the activation for the output layer
    trained during 50 epochs

Confusion matrix for subset train:
[[634  15]
 [ 56  86]]

Classification  report for subset train:
              precision    recall  f1-score   support

           0       0.92      0.98      0.95       649
           1       0.85      0.61      0.71       142

    accuracy                           0.91       791
   macro avg       0.89      0.79      0.83       791
weighted avg       0.91      0.91      0.90       791



Confusion matrix for subset test:
[[154  12]
 [ 24   8]]

Classification  report for subset test:
              precision    recall  f1-score   support

           0       0.87      0.93      0.90       166
           1       0.40      0.25      0.31        32

    accuracy                           0.82       198
   macro avg       0.63      0.59      0.60       198
weighted avg       0.79      0.82      0.80       198


