

RUN at Mon Jul  5 21:15:49 2021
    using softmax as the activation for the output layer
    trained during 20 epochs
---------------------------------------
         0         1
---------------------------------------
0      634        14   TN, FN
1       15       128   FP, TP
---------------------------------------
       649       142   N,  P  (total)
---------------------------------------




RUN at Mon Jul  5 21:15:50 2021
    using softmax as the activation for the output layer
    trained during 20 epochs
---------------------------------------
         0         1
---------------------------------------
0      138        27   TN, FN
1       28         5   FP, TP
---------------------------------------
       166        32   N,  P  (total)
---------------------------------------




RUN at Mon Jul  5 21:17:01 2021
    using softmax as the activation for the output layer
    trained during 20 epochs
---------------------------------------
         0         1
---------------------------------------
0      617        21   TN, FN
1       32       121   FP, TP
---------------------------------------
       649       142   N,  P  (total)
---------------------------------------




RUN at Mon Jul  5 21:17:02 2021
    using softmax as the activation for the output layer
    trained during 20 epochs
---------------------------------------
         0         1
---------------------------------------
0      135        25   TN, FN
1       31         7   FP, TP
---------------------------------------
       166        32   N,  P  (total)
---------------------------------------




RUN at Mon Jul  5 21:18:14 2021
    using softmax as the activation for the output layer
    trained during 20 epochs
---------------------------------------
         0         1
---------------------------------------
0      634        26   TN, FN
1       15       116   FP, TP
---------------------------------------
       649       142   N,  P  (total)
---------------------------------------




RUN at Mon Jul  5 21:18:14 2021
    using softmax as the activation for the output layer
    trained during 20 epochs
---------------------------------------
         0         1
---------------------------------------
0      141        23   TN, FN
1       25         9   FP, TP
---------------------------------------
       166        32   N,  P  (total)
---------------------------------------




RUN at Mon Jul  5 21:19:26 2021
    using softmax as the activation for the output layer
    trained during 20 epochs
---------------------------------------
         0         1
---------------------------------------
0      634        26   TN, FN
1       15       116   FP, TP
---------------------------------------
       649       142   N,  P  (total)
---------------------------------------




RUN at Mon Jul  5 21:19:26 2021
    using softmax as the activation for the output layer
    trained during 20 epochs
---------------------------------------
         0         1
---------------------------------------
0      141        23   TN, FN
1       25         9   FP, TP
---------------------------------------
       166        32   N,  P  (total)
---------------------------------------




RUN at Mon Jul  5 21:20:38 2021
    using softmax as the activation for the output layer
    trained during 20 epochs
---------------------------------------
         0         1
---------------------------------------
0      617        21   TN, FN
1       32       121   FP, TP
---------------------------------------
       649       142   N,  P  (total)
---------------------------------------




RUN at Mon Jul  5 21:20:38 2021
    using softmax as the activation for the output layer
    trained during 20 epochs
---------------------------------------
         0         1
---------------------------------------
0      135        25   TN, FN
1       31         7   FP, TP
---------------------------------------
       166        32   N,  P  (total)
---------------------------------------




RUN at Mon Jul  5 21:21:50 2021
    using softmax as the activation for the output layer
    trained during 20 epochs
---------------------------------------
         0         1
---------------------------------------
0      634        26   TN, FN
1       15       116   FP, TP
---------------------------------------
       649       142   N,  P  (total)
---------------------------------------




RUN at Mon Jul  5 21:21:51 2021
    using softmax as the activation for the output layer
    trained during 20 epochs
---------------------------------------
         0         1
---------------------------------------
0      141        23   TN, FN
1       25         9   FP, TP
---------------------------------------
       166        32   N,  P  (total)
---------------------------------------


