

RUN at Mon Jul  5 21:08:22 2021
    using sigmoid as the activation for the output layer
    trained during 20 epochs
---------------------------------------
         0         1
---------------------------------------
0      644        27   TN, FN
1        5       115   FP, TP
---------------------------------------
       649       142   N,  P  (total)
---------------------------------------




RUN at Mon Jul  5 21:08:22 2021
    using sigmoid as the activation for the output layer
    trained during 20 epochs
---------------------------------------
         0         1
---------------------------------------
0      148        28   TN, FN
1       18         4   FP, TP
---------------------------------------
       166        32   N,  P  (total)
---------------------------------------




RUN at Mon Jul  5 21:09:34 2021
    using sigmoid as the activation for the output layer
    trained during 20 epochs
---------------------------------------
         0         1
---------------------------------------
0      632        14   TN, FN
1       17       128   FP, TP
---------------------------------------
       649       142   N,  P  (total)
---------------------------------------




RUN at Mon Jul  5 21:09:34 2021
    using sigmoid as the activation for the output layer
    trained during 20 epochs
---------------------------------------
         0         1
---------------------------------------
0      138        25   TN, FN
1       28         7   FP, TP
---------------------------------------
       166        32   N,  P  (total)
---------------------------------------




RUN at Mon Jul  5 21:10:46 2021
    using sigmoid as the activation for the output layer
    trained during 20 epochs
---------------------------------------
         0         1
---------------------------------------
0      632        14   TN, FN
1       17       128   FP, TP
---------------------------------------
       649       142   N,  P  (total)
---------------------------------------




RUN at Mon Jul  5 21:10:46 2021
    using sigmoid as the activation for the output layer
    trained during 20 epochs
---------------------------------------
         0         1
---------------------------------------
0      138        25   TN, FN
1       28         7   FP, TP
---------------------------------------
       166        32   N,  P  (total)
---------------------------------------




RUN at Mon Jul  5 21:11:58 2021
    using sigmoid as the activation for the output layer
    trained during 20 epochs
---------------------------------------
         0         1
---------------------------------------
0      632        14   TN, FN
1       17       128   FP, TP
---------------------------------------
       649       142   N,  P  (total)
---------------------------------------




RUN at Mon Jul  5 21:11:59 2021
    using sigmoid as the activation for the output layer
    trained during 20 epochs
---------------------------------------
         0         1
---------------------------------------
0      138        25   TN, FN
1       28         7   FP, TP
---------------------------------------
       166        32   N,  P  (total)
---------------------------------------




RUN at Mon Jul  5 21:13:10 2021
    using sigmoid as the activation for the output layer
    trained during 20 epochs
---------------------------------------
         0         1
---------------------------------------
0      619        12   TN, FN
1       30       130   FP, TP
---------------------------------------
       649       142   N,  P  (total)
---------------------------------------




RUN at Mon Jul  5 21:13:11 2021
    using sigmoid as the activation for the output layer
    trained during 20 epochs
---------------------------------------
         0         1
---------------------------------------
0      136        23   TN, FN
1       30         9   FP, TP
---------------------------------------
       166        32   N,  P  (total)
---------------------------------------




RUN at Mon Jul  5 21:14:22 2021
    using sigmoid as the activation for the output layer
    trained during 20 epochs
---------------------------------------
         0         1
---------------------------------------
0      619        12   TN, FN
1       30       130   FP, TP
---------------------------------------
       649       142   N,  P  (total)
---------------------------------------




RUN at Mon Jul  5 21:14:23 2021
    using sigmoid as the activation for the output layer
    trained during 20 epochs
---------------------------------------
         0         1
---------------------------------------
0      136        23   TN, FN
1       30         9   FP, TP
---------------------------------------
       166        32   N,  P  (total)
---------------------------------------


