

RUN at Mon Jul  5 21:14:25 2021
    using sigmoid as the activation for the output layer
    trained during 20 epochs
---------------------------------------
         0         1
---------------------------------------
0      623        28   TN, FN
1       26       114   FP, TP
---------------------------------------
       649       142   N,  P  (total)
---------------------------------------




RUN at Mon Jul  5 21:14:25 2021
    using sigmoid as the activation for the output layer
    trained during 20 epochs
---------------------------------------
         0         1
---------------------------------------
0      143        27   TN, FN
1       23         5   FP, TP
---------------------------------------
       166        32   N,  P  (total)
---------------------------------------




RUN at Mon Jul  5 21:14:27 2021
    using sigmoid as the activation for the output layer
    trained during 20 epochs
---------------------------------------
         0         1
---------------------------------------
0      569        22   TN, FN
1       80       120   FP, TP
---------------------------------------
       649       142   N,  P  (total)
---------------------------------------




RUN at Mon Jul  5 21:14:27 2021
    using sigmoid as the activation for the output layer
    trained during 20 epochs
---------------------------------------
         0         1
---------------------------------------
0      129        24   TN, FN
1       37         8   FP, TP
---------------------------------------
       166        32   N,  P  (total)
---------------------------------------




RUN at Mon Jul  5 21:14:30 2021
    using sigmoid as the activation for the output layer
    trained during 20 epochs
---------------------------------------
         0         1
---------------------------------------
0      633        27   TN, FN
1       16       115   FP, TP
---------------------------------------
       649       142   N,  P  (total)
---------------------------------------




RUN at Mon Jul  5 21:14:30 2021
    using sigmoid as the activation for the output layer
    trained during 20 epochs
---------------------------------------
         0         1
---------------------------------------
0      150        27   TN, FN
1       16         5   FP, TP
---------------------------------------
       166        32   N,  P  (total)
---------------------------------------




RUN at Mon Jul  5 21:14:32 2021
    using sigmoid as the activation for the output layer
    trained during 20 epochs
---------------------------------------
         0         1
---------------------------------------
0      628        31   TN, FN
1       21       111   FP, TP
---------------------------------------
       649       142   N,  P  (total)
---------------------------------------




RUN at Mon Jul  5 21:14:32 2021
    using sigmoid as the activation for the output layer
    trained during 20 epochs
---------------------------------------
         0         1
---------------------------------------
0      152        28   TN, FN
1       14         4   FP, TP
---------------------------------------
       166        32   N,  P  (total)
---------------------------------------




RUN at Mon Jul  5 21:14:35 2021
    using sigmoid as the activation for the output layer
    trained during 20 epochs
---------------------------------------
         0         1
---------------------------------------
0      631        28   TN, FN
1       18       114   FP, TP
---------------------------------------
       649       142   N,  P  (total)
---------------------------------------




RUN at Mon Jul  5 21:14:35 2021
    using sigmoid as the activation for the output layer
    trained during 20 epochs
---------------------------------------
         0         1
---------------------------------------
0      150        29   TN, FN
1       16         3   FP, TP
---------------------------------------
       166        32   N,  P  (total)
---------------------------------------




RUN at Mon Jul  5 21:14:37 2021
    using sigmoid as the activation for the output layer
    trained during 20 epochs
---------------------------------------
         0         1
---------------------------------------
0      634        31   TN, FN
1       15       111   FP, TP
---------------------------------------
       649       142   N,  P  (total)
---------------------------------------




RUN at Mon Jul  5 21:14:37 2021
    using sigmoid as the activation for the output layer
    trained during 20 epochs
---------------------------------------
         0         1
---------------------------------------
0      151        28   TN, FN
1       15         4   FP, TP
---------------------------------------
       166        32   N,  P  (total)
---------------------------------------


